Using pre-set license
Built from '2020.3/release' branch; Version is '2020.3.7f1 (dd97f2c94397) revision 14522354'; Using compiler version '192528614'; Build Type 'Release'
OS: 'Windows 10 Home; OS build 19043.1237; Version 2009; 64bit' Language: 'en' Physical Memory: 16336 MB
BatchMode: 1, IsHumanControllingUs: 0, StartBugReporterOnCrash: 0, Is64bit: 1, IsPro: 0

 COMMAND LINE ARGUMENTS:
C:\Program Files\Unity\Hub\Editor\2020.3.7f1\Editor\Unity.exe
-adb2
-batchMode
-noUpm
-name
AssetImportWorker0
-projectPath
E:/Prototype 1/Potion-Seller/Potion
-logFile
Logs/AssetImportWorker0.log
-srvPort
52065
Successfully changed project path to: E:/Prototype 1/Potion-Seller/Potion
E:/Prototype 1/Potion-Seller/Potion
Using Asset Import Pipeline V2.
Refreshing native plugins compatible for Editor in 42.02 ms, found 1 plugins.
Preloading 0 native plugins for Editor in 0.00 ms.
Initialize engine version: 2020.3.7f1 (dd97f2c94397)
[Subsystems] Discovering subsystems at path C:/Program Files/Unity/Hub/Editor/2020.3.7f1/Editor/Data/Resources/UnitySubsystems
[Subsystems] Discovering subsystems at path E:/Prototype 1/Potion-Seller/Potion/Assets
GfxDevice: creating device client; threaded=0
Direct3D:
    Version:  Direct3D 11.0 [level 11.1]
    Renderer: NVIDIA GeForce GTX 1080 (ID=0x1b80)
    Vendor:   
    VRAM:     8079 MB
    Driver:   30.0.14.7212
Initialize mono
Mono path[0] = 'C:/Program Files/Unity/Hub/Editor/2020.3.7f1/Editor/Data/Managed'
Mono path[1] = 'C:/Program Files/Unity/Hub/Editor/2020.3.7f1/Editor/Data/MonoBleedingEdge/lib/mono/unityjit'
Mono config path = 'C:/Program Files/Unity/Hub/Editor/2020.3.7f1/Editor/Data/MonoBleedingEdge/etc'
Using monoOptions --debugger-agent=transport=dt_socket,embedding=1,server=y,suspend=n,address=127.0.0.1:56548
Begin MonoManager ReloadAssembly
Registering precompiled unity dll's ...
Register platform support module: C:/Program Files/Unity/Hub/Editor/2020.3.7f1/Editor/Data/PlaybackEngines/MacStandaloneSupport/UnityEditor.OSXStandalone.Extensions.dll
Register platform support module: C:/Program Files/Unity/Hub/Editor/2020.3.7f1/Editor/Data/PlaybackEngines/WindowsStandaloneSupport/UnityEditor.WindowsStandalone.Extensions.dll
Registered in 0.004518 seconds.
Native extension for WindowsStandalone target not found
Native extension for OSXStandalone target not found
Refreshing native plugins compatible for Editor in 45.00 ms, found 1 plugins.
Preloading 0 native plugins for Editor in 0.00 ms.
Mono: successfully reloaded assembly
- Completed reload, in  1.617 seconds
Platform modules already initialized, skipping
Registering precompiled user dll's ...
Registered in 0.001479 seconds.
Begin MonoManager ReloadAssembly
Native extension for WindowsStandalone target not found
Native extension for OSXStandalone target not found
Refreshing native plugins compatible for Editor in 45.56 ms, found 1 plugins.
Preloading 0 native plugins for Editor in 0.00 ms.
Mono: successfully reloaded assembly
- Completed reload, in  1.219 seconds
Platform modules already initialized, skipping
========================================================================
Worker process is ready to serve import requests
Launched and connected shader compiler UnityShaderCompiler.exe after 0.05 seconds
Refreshing native plugins compatible for Editor in 0.45 ms, found 1 plugins.
Preloading 0 native plugins for Editor in 0.00 ms.
Unloading 1819 Unused Serialized files (Serialized files now loaded: 0)
System memory in use before: 85.2 MB.
System memory in use after: 85.2 MB.

Unloading 24 unused Assets to reduce memory usage. Loaded Objects now: 2263.
Total: 3.195600 ms (FindLiveObjects: 0.279600 ms CreateObjectMapping: 0.055100 ms MarkObjects: 2.659300 ms  DeleteObjects: 0.200100 ms)

========================================================================
Received Import Request.
  path: Assets/Scripts/ItemDataBase.cs
  artifactKey: Guid(d1eb84ebce15a6c45ae5a8dfbaf3a6da) Importer(815301076,1909f56bfc062723c751e8b465ee728b)
Start importing Assets/Scripts/ItemDataBase.cs using Guid(d1eb84ebce15a6c45ae5a8dfbaf3a6da) Importer(815301076,1909f56bfc062723c751e8b465ee728b)  -> (artifact id: 'b11e64e665bd2e55b76462800bd6c413') in 0.045576 seconds
  Import took 0.049096 seconds .

========================================================================
Received Import Request.
  Time since last request: 52.580185 seconds.
  path: Assets/Scripts/UIItem.cs
  artifactKey: Guid(df1241dde62e05b469394e8ed6563156) Importer(815301076,1909f56bfc062723c751e8b465ee728b)
Start importing Assets/Scripts/UIItem.cs using Guid(df1241dde62e05b469394e8ed6563156) Importer(815301076,1909f56bfc062723c751e8b465ee728b)  -> (artifact id: 'c8277d8beb75841aca94e9954ef15009') in 0.007420 seconds
  Import took 0.010773 seconds .

========================================================================
Received Import Request.
  Time since last request: 0.027720 seconds.
  path: Assets/Scripts/UIItem.cs
  artifactKey: Guid(df1241dde62e05b469394e8ed6563156) Importer(815301076,1909f56bfc062723c751e8b465ee728b)
Start importing Assets/Scripts/UIItem.cs using Guid(df1241dde62e05b469394e8ed6563156) Importer(815301076,1909f56bfc062723c751e8b465ee728b)  -> (artifact id: 'c8277d8beb75841aca94e9954ef15009') in 0.006721 seconds
  Import took 0.009985 seconds .

========================================================================
Received Import Request.
  Time since last request: 10.881335 seconds.
  path: Assets/Scripts/Inventory.cs
  artifactKey: Guid(d5e3fdb45ad239c488b20b610028b22e) Importer(815301076,1909f56bfc062723c751e8b465ee728b)
Start importing Assets/Scripts/Inventory.cs using Guid(d5e3fdb45ad239c488b20b610028b22e) Importer(815301076,1909f56bfc062723c751e8b465ee728b)  -> (artifact id: '00b4566de80dceff048780079688ec83') in 0.016873 seconds
  Import took 0.020309 seconds .

========================================================================
Received Import Request.
  Time since last request: 12.791444 seconds.
  path: Assets/Scripts/Inventory.cs
  artifactKey: Guid(d5e3fdb45ad239c488b20b610028b22e) Importer(815301076,1909f56bfc062723c751e8b465ee728b)
Start importing Assets/Scripts/Inventory.cs using Guid(d5e3fdb45ad239c488b20b610028b22e) Importer(815301076,1909f56bfc062723c751e8b465ee728b)  -> (artifact id: '728bee66d2777838c300e0f1a4eebd60') in 0.006586 seconds
  Import took 0.009958 seconds .

========================================================================
Received Import Request.
  Time since last request: 41.151516 seconds.
  path: Assets/Scripts/Inventory.cs
  artifactKey: Guid(d5e3fdb45ad239c488b20b610028b22e) Importer(815301076,1909f56bfc062723c751e8b465ee728b)
Start importing Assets/Scripts/Inventory.cs using Guid(d5e3fdb45ad239c488b20b610028b22e) Importer(815301076,1909f56bfc062723c751e8b465ee728b)  -> (artifact id: 'a9afbf7688bd69b938a208efc0d399a6') in 0.006736 seconds
  Import took 0.010220 seconds .

========================================================================
Received Prepare
Registering precompiled user dll's ...
Registered in 0.001393 seconds.
Begin MonoManager ReloadAssembly
Native extension for WindowsStandalone target not found
Native extension for OSXStandalone target not found
Refreshing native plugins compatible for Editor in 0.63 ms, found 1 plugins.
Preloading 0 native plugins for Editor in 0.00 ms.
Mono: successfully reloaded assembly
- Completed reload, in  1.106 seconds
Platform modules already initialized, skipping
Refreshing native plugins compatible for Editor in 0.46 ms, found 1 plugins.
Preloading 0 native plugins for Editor in 0.00 ms.
Unloading 1814 Unused Serialized files (Serialized files now loaded: 0)
System memory in use before: 85.2 MB.
System memory in use after: 85.2 MB.

Unloading 12 unused Assets to reduce memory usage. Loaded Objects now: 2267.
Total: 2.322900 ms (FindLiveObjects: 0.239100 ms CreateObjectMapping: 0.053900 ms MarkObjects: 1.889300 ms  DeleteObjects: 0.139400 ms)

========================================================================
Received Prepare
Registering precompiled user dll's ...
Registered in 0.001212 seconds.
Begin MonoManager ReloadAssembly
Native extension for WindowsStandalone target not found
Native extension for OSXStandalone target not found
Refreshing native plugins compatible for Editor in 0.54 ms, found 1 plugins.
Preloading 0 native plugins for Editor in 0.00 ms.
Mono: successfully reloaded assembly
- Completed reload, in  1.086 seconds
Platform modules already initialized, skipping
Refreshing native plugins compatible for Editor in 0.45 ms, found 1 plugins.
Preloading 0 native plugins for Editor in 0.00 ms.
Unloading 1814 Unused Serialized files (Serialized files now loaded: 0)
System memory in use before: 85.2 MB.
System memory in use after: 85.2 MB.

Unloading 12 unused Assets to reduce memory usage. Loaded Objects now: 2271.
Total: 2.569500 ms (FindLiveObjects: 0.308000 ms CreateObjectMapping: 0.053800 ms MarkObjects: 2.052200 ms  DeleteObjects: 0.153900 ms)

========================================================================
Received Import Request.
  Time since last request: 62.840189 seconds.
  path: Assets/Scripts/Inventory.cs
  artifactKey: Guid(d5e3fdb45ad239c488b20b610028b22e) Importer(815301076,1909f56bfc062723c751e8b465ee728b)
Start importing Assets/Scripts/Inventory.cs using Guid(d5e3fdb45ad239c488b20b610028b22e) Importer(815301076,1909f56bfc062723c751e8b465ee728b)  -> (artifact id: 'd437177d346ce116f6b487ce6b82fe17') in 0.010894 seconds
  Import took 0.014467 seconds .

========================================================================
Received Import Request.
  Time since last request: 0.007986 seconds.
  path: Assets/Scripts/Inventory.cs
  artifactKey: Guid(d5e3fdb45ad239c488b20b610028b22e) Importer(815301076,1909f56bfc062723c751e8b465ee728b)
Start importing Assets/Scripts/Inventory.cs using Guid(d5e3fdb45ad239c488b20b610028b22e) Importer(815301076,1909f56bfc062723c751e8b465ee728b)  -> (artifact id: 'd437177d346ce116f6b487ce6b82fe17') in 0.006921 seconds
  Import took 0.010372 seconds .

========================================================================
Received Prepare
Registering precompiled user dll's ...
Registered in 0.001362 seconds.
Begin MonoManager ReloadAssembly
Native extension for WindowsStandalone target not found
Native extension for OSXStandalone target not found
Refreshing native plugins compatible for Editor in 0.53 ms, found 1 plugins.
Preloading 0 native plugins for Editor in 0.00 ms.
Mono: successfully reloaded assembly
- Completed reload, in  1.140 seconds
Platform modules already initialized, skipping
Refreshing native plugins compatible for Editor in 0.45 ms, found 1 plugins.
Preloading 0 native plugins for Editor in 0.00 ms.
Unloading 1814 Unused Serialized files (Serialized files now loaded: 0)
System memory in use before: 85.2 MB.
System memory in use after: 85.2 MB.

Unloading 12 unused Assets to reduce memory usage. Loaded Objects now: 2275.
Total: 3.188800 ms (FindLiveObjects: 0.353700 ms CreateObjectMapping: 0.056900 ms MarkObjects: 2.606800 ms  DeleteObjects: 0.169200 ms)

========================================================================
Received Prepare
Refreshing native plugins compatible for Editor in 2.13 ms, found 1 plugins.
Preloading 0 native plugins for Editor in 0.00 ms.
Unloading 10 Unused Serialized files (Serialized files now loaded: 0)
System memory in use before: 49.6 MB.
System memory in use after: 49.5 MB.

Unloading 10 unused Assets to reduce memory usage. Loaded Objects now: 2275.
Total: 2.516300 ms (FindLiveObjects: 0.249100 ms CreateObjectMapping: 0.053500 ms MarkObjects: 2.063700 ms  DeleteObjects: 0.148300 ms)

AssetImportWorkerClient::OnTransportError - code=2 error=End of file
