Using pre-set license
Built from '2020.3/release' branch; Version is '2020.3.7f1 (dd97f2c94397) revision 14522354'; Using compiler version '192528614'; Build Type 'Release'
OS: 'Windows 10 Home; OS build 19043.1237; Version 2009; 64bit' Language: 'en' Physical Memory: 16336 MB
BatchMode: 1, IsHumanControllingUs: 0, StartBugReporterOnCrash: 0, Is64bit: 1, IsPro: 0

 COMMAND LINE ARGUMENTS:
C:\Program Files\Unity\Hub\Editor\2020.3.7f1\Editor\Unity.exe
-adb2
-batchMode
-noUpm
-name
AssetImportWorker0
-projectPath
E:/Prototype 1/Potion-Seller/Potion
-logFile
Logs/AssetImportWorker0.log
-srvPort
59016
Successfully changed project path to: E:/Prototype 1/Potion-Seller/Potion
E:/Prototype 1/Potion-Seller/Potion
Using Asset Import Pipeline V2.
Refreshing native plugins compatible for Editor in 44.55 ms, found 1 plugins.
Preloading 0 native plugins for Editor in 0.00 ms.
Initialize engine version: 2020.3.7f1 (dd97f2c94397)
[Subsystems] Discovering subsystems at path C:/Program Files/Unity/Hub/Editor/2020.3.7f1/Editor/Data/Resources/UnitySubsystems
[Subsystems] Discovering subsystems at path E:/Prototype 1/Potion-Seller/Potion/Assets
GfxDevice: creating device client; threaded=0
Direct3D:
    Version:  Direct3D 11.0 [level 11.1]
    Renderer: NVIDIA GeForce GTX 1080 (ID=0x1b80)
    Vendor:   
    VRAM:     8079 MB
    Driver:   30.0.14.7212
Initialize mono
Mono path[0] = 'C:/Program Files/Unity/Hub/Editor/2020.3.7f1/Editor/Data/Managed'
Mono path[1] = 'C:/Program Files/Unity/Hub/Editor/2020.3.7f1/Editor/Data/MonoBleedingEdge/lib/mono/unityjit'
Mono config path = 'C:/Program Files/Unity/Hub/Editor/2020.3.7f1/Editor/Data/MonoBleedingEdge/etc'
Using monoOptions --debugger-agent=transport=dt_socket,embedding=1,server=y,suspend=n,address=127.0.0.1:56364
Begin MonoManager ReloadAssembly
Registering precompiled unity dll's ...
Register platform support module: C:/Program Files/Unity/Hub/Editor/2020.3.7f1/Editor/Data/PlaybackEngines/MacStandaloneSupport/UnityEditor.OSXStandalone.Extensions.dll
Register platform support module: C:/Program Files/Unity/Hub/Editor/2020.3.7f1/Editor/Data/PlaybackEngines/WindowsStandaloneSupport/UnityEditor.WindowsStandalone.Extensions.dll
Registered in 0.004942 seconds.
Native extension for WindowsStandalone target not found
Native extension for OSXStandalone target not found
Refreshing native plugins compatible for Editor in 47.34 ms, found 1 plugins.
Preloading 0 native plugins for Editor in 0.00 ms.
Mono: successfully reloaded assembly
- Completed reload, in  1.578 seconds
Platform modules already initialized, skipping
Registering precompiled user dll's ...
Registered in 0.001158 seconds.
Begin MonoManager ReloadAssembly
Native extension for WindowsStandalone target not found
Native extension for OSXStandalone target not found
Refreshing native plugins compatible for Editor in 44.26 ms, found 1 plugins.
Preloading 0 native plugins for Editor in 0.00 ms.
Mono: successfully reloaded assembly
- Completed reload, in  1.236 seconds
Platform modules already initialized, skipping
========================================================================
Worker process is ready to serve import requests
Launched and connected shader compiler UnityShaderCompiler.exe after 0.05 seconds
Refreshing native plugins compatible for Editor in 0.43 ms, found 1 plugins.
Preloading 0 native plugins for Editor in 0.00 ms.
Unloading 1819 Unused Serialized files (Serialized files now loaded: 0)
System memory in use before: 85.2 MB.
System memory in use after: 85.2 MB.

Unloading 24 unused Assets to reduce memory usage. Loaded Objects now: 2263.
Total: 2.794600 ms (FindLiveObjects: 0.279300 ms CreateObjectMapping: 0.062400 ms MarkObjects: 2.279500 ms  DeleteObjects: 0.172000 ms)

========================================================================
Received Import Request.
  path: Assets/Resources/Prefabs/Slot 1.prefab
  artifactKey: Guid(f9584cd0483c2b040a8fc63881abd533) Importer(815301076,1909f56bfc062723c751e8b465ee728b)
Start importing Assets/Resources/Prefabs/Slot 1.prefab using Guid(f9584cd0483c2b040a8fc63881abd533) Importer(815301076,1909f56bfc062723c751e8b465ee728b)  -> (artifact id: '89cb01d77957d4db25a0471ef052c6cc') in 0.063265 seconds
  Import took 0.067144 seconds .

========================================================================
Received Import Request.
  Time since last request: 0.093177 seconds.
  path: Assets/Resources/Prefabs/Slot 1.prefab
  artifactKey: Guid(f9584cd0483c2b040a8fc63881abd533) Importer(815301076,1909f56bfc062723c751e8b465ee728b)
Start importing Assets/Resources/Prefabs/Slot 1.prefab using Guid(f9584cd0483c2b040a8fc63881abd533) Importer(815301076,1909f56bfc062723c751e8b465ee728b)  -> (artifact id: '89cb01d77957d4db25a0471ef052c6cc') in 0.005025 seconds
  Import took 0.009096 seconds .

========================================================================
Received Prepare
Registering precompiled user dll's ...
Registered in 0.001282 seconds.
Begin MonoManager ReloadAssembly
Native extension for WindowsStandalone target not found
Native extension for OSXStandalone target not found
Refreshing native plugins compatible for Editor in 0.44 ms, found 1 plugins.
Preloading 0 native plugins for Editor in 0.00 ms.
Mono: successfully reloaded assembly
- Completed reload, in  1.083 seconds
Platform modules already initialized, skipping
Refreshing native plugins compatible for Editor in 0.44 ms, found 1 plugins.
Preloading 0 native plugins for Editor in 0.00 ms.
Unloading 1814 Unused Serialized files (Serialized files now loaded: 0)
System memory in use before: 85.2 MB.
System memory in use after: 85.2 MB.

Unloading 12 unused Assets to reduce memory usage. Loaded Objects now: 2267.
Total: 2.486700 ms (FindLiveObjects: 0.233300 ms CreateObjectMapping: 0.048300 ms MarkObjects: 2.054100 ms  DeleteObjects: 0.149500 ms)

========================================================================
Received Import Request.
  Time since last request: 11.074543 seconds.
  path: Assets/Resources/Prefabs/Slot 1.prefab
  artifactKey: Guid(f9584cd0483c2b040a8fc63881abd533) Importer(815301076,1909f56bfc062723c751e8b465ee728b)
Start importing Assets/Resources/Prefabs/Slot 1.prefab using Guid(f9584cd0483c2b040a8fc63881abd533) Importer(815301076,1909f56bfc062723c751e8b465ee728b)  -> (artifact id: '5cc487ad3ecdb5069eedec107c648e84') in 0.041914 seconds
  Import took 0.045630 seconds .

========================================================================
Received Import Request.
  Time since last request: 0.116333 seconds.
  path: Assets/Resources/Prefabs/Slot 1.prefab
  artifactKey: Guid(f9584cd0483c2b040a8fc63881abd533) Importer(815301076,1909f56bfc062723c751e8b465ee728b)
Start importing Assets/Resources/Prefabs/Slot 1.prefab using Guid(f9584cd0483c2b040a8fc63881abd533) Importer(815301076,1909f56bfc062723c751e8b465ee728b)  -> (artifact id: '5cc487ad3ecdb5069eedec107c648e84') in 0.009318 seconds
  Import took 0.012973 seconds .

========================================================================
Received Prepare
Registering precompiled user dll's ...
Registered in 0.001742 seconds.
Begin MonoManager ReloadAssembly
Native extension for WindowsStandalone target not found
Native extension for OSXStandalone target not found
Refreshing native plugins compatible for Editor in 0.63 ms, found 1 plugins.
Preloading 0 native plugins for Editor in 0.00 ms.
Mono: successfully reloaded assembly
- Completed reload, in  1.094 seconds
Platform modules already initialized, skipping
Refreshing native plugins compatible for Editor in 0.49 ms, found 1 plugins.
Preloading 0 native plugins for Editor in 0.00 ms.
Unloading 1814 Unused Serialized files (Serialized files now loaded: 0)
System memory in use before: 85.2 MB.
System memory in use after: 85.2 MB.

Unloading 12 unused Assets to reduce memory usage. Loaded Objects now: 2271.
Total: 2.444700 ms (FindLiveObjects: 0.256900 ms CreateObjectMapping: 0.050100 ms MarkObjects: 1.983400 ms  DeleteObjects: 0.152900 ms)

========================================================================
Received Prepare
Registering precompiled user dll's ...
Registered in 0.001542 seconds.
Begin MonoManager ReloadAssembly
Native extension for WindowsStandalone target not found
Native extension for OSXStandalone target not found
Refreshing native plugins compatible for Editor in 0.53 ms, found 1 plugins.
Preloading 0 native plugins for Editor in 0.00 ms.
Mono: successfully reloaded assembly
- Completed reload, in  1.096 seconds
Platform modules already initialized, skipping
Refreshing native plugins compatible for Editor in 0.44 ms, found 1 plugins.
Preloading 0 native plugins for Editor in 0.00 ms.
Unloading 1814 Unused Serialized files (Serialized files now loaded: 0)
System memory in use before: 85.3 MB.
System memory in use after: 85.2 MB.

Unloading 12 unused Assets to reduce memory usage. Loaded Objects now: 2275.
Total: 2.406000 ms (FindLiveObjects: 0.235800 ms CreateObjectMapping: 0.050000 ms MarkObjects: 1.980600 ms  DeleteObjects: 0.138500 ms)

========================================================================
Received Prepare
Registering precompiled user dll's ...
Registered in 0.001474 seconds.
Begin MonoManager ReloadAssembly
Native extension for WindowsStandalone target not found
Native extension for OSXStandalone target not found
Refreshing native plugins compatible for Editor in 0.48 ms, found 1 plugins.
Preloading 0 native plugins for Editor in 0.00 ms.
Mono: successfully reloaded assembly
- Completed reload, in  1.089 seconds
Platform modules already initialized, skipping
Refreshing native plugins compatible for Editor in 0.50 ms, found 1 plugins.
Preloading 0 native plugins for Editor in 0.00 ms.
Unloading 1814 Unused Serialized files (Serialized files now loaded: 0)
System memory in use before: 85.3 MB.
System memory in use after: 85.2 MB.

Unloading 12 unused Assets to reduce memory usage. Loaded Objects now: 2279.
Total: 2.491400 ms (FindLiveObjects: 0.243700 ms CreateObjectMapping: 0.049900 ms MarkObjects: 2.045600 ms  DeleteObjects: 0.150200 ms)

========================================================================
Received Import Request.
  Time since last request: 150.138208 seconds.
  path: Assets/Resources/Prefabs/Slot 1.prefab
  artifactKey: Guid(f9584cd0483c2b040a8fc63881abd533) Importer(815301076,1909f56bfc062723c751e8b465ee728b)
Start importing Assets/Resources/Prefabs/Slot 1.prefab using Guid(f9584cd0483c2b040a8fc63881abd533) Importer(815301076,1909f56bfc062723c751e8b465ee728b)  -> (artifact id: '5e10c9a0eb4b0babb59ae387236c3437') in 0.040986 seconds
  Import took 0.046053 seconds .

========================================================================
Received Import Request.
  Time since last request: 0.016981 seconds.
  path: Assets/Resources/Prefabs/Slot 1.prefab
  artifactKey: Guid(f9584cd0483c2b040a8fc63881abd533) Importer(815301076,1909f56bfc062723c751e8b465ee728b)
Start importing Assets/Resources/Prefabs/Slot 1.prefab using Guid(f9584cd0483c2b040a8fc63881abd533) Importer(815301076,1909f56bfc062723c751e8b465ee728b)  -> (artifact id: '5e10c9a0eb4b0babb59ae387236c3437') in 0.008520 seconds
  Import took 0.012086 seconds .

========================================================================
Received Prepare
Registering precompiled user dll's ...
Registered in 0.001243 seconds.
Begin MonoManager ReloadAssembly
Native extension for WindowsStandalone target not found
Native extension for OSXStandalone target not found
Refreshing native plugins compatible for Editor in 0.46 ms, found 1 plugins.
Preloading 0 native plugins for Editor in 0.00 ms.
Mono: successfully reloaded assembly
- Completed reload, in  1.081 seconds
Platform modules already initialized, skipping
Refreshing native plugins compatible for Editor in 0.44 ms, found 1 plugins.
Preloading 0 native plugins for Editor in 0.00 ms.
Unloading 1814 Unused Serialized files (Serialized files now loaded: 0)
System memory in use before: 85.3 MB.
System memory in use after: 85.2 MB.

Unloading 12 unused Assets to reduce memory usage. Loaded Objects now: 2283.
Total: 2.730300 ms (FindLiveObjects: 0.238900 ms CreateObjectMapping: 0.049300 ms MarkObjects: 2.281500 ms  DeleteObjects: 0.159400 ms)

========================================================================
Received Import Request.
  Time since last request: 21.923993 seconds.
  path: Assets/Resources/Prefabs/Slot 1.prefab
  artifactKey: Guid(f9584cd0483c2b040a8fc63881abd533) Importer(815301076,1909f56bfc062723c751e8b465ee728b)
Start importing Assets/Resources/Prefabs/Slot 1.prefab using Guid(f9584cd0483c2b040a8fc63881abd533) Importer(815301076,1909f56bfc062723c751e8b465ee728b)  -> (artifact id: '3b651b3d3924d37855e7b78a62c82f87') in 0.048617 seconds
  Import took 0.053897 seconds .

========================================================================
Received Prepare
Registering precompiled user dll's ...
Registered in 0.001243 seconds.
Begin MonoManager ReloadAssembly
Native extension for WindowsStandalone target not found
Native extension for OSXStandalone target not found
Refreshing native plugins compatible for Editor in 0.47 ms, found 1 plugins.
Preloading 0 native plugins for Editor in 0.00 ms.
Mono: successfully reloaded assembly
- Completed reload, in  1.055 seconds
Platform modules already initialized, skipping
Refreshing native plugins compatible for Editor in 0.44 ms, found 1 plugins.
Preloading 0 native plugins for Editor in 0.00 ms.
Unloading 1814 Unused Serialized files (Serialized files now loaded: 0)
System memory in use before: 85.3 MB.
System memory in use after: 85.3 MB.

Unloading 12 unused Assets to reduce memory usage. Loaded Objects now: 2287.
Total: 2.664200 ms (FindLiveObjects: 0.242000 ms CreateObjectMapping: 0.048200 ms MarkObjects: 2.185400 ms  DeleteObjects: 0.187300 ms)

========================================================================
Received Prepare
Registering precompiled user dll's ...
Registered in 0.001266 seconds.
Begin MonoManager ReloadAssembly
Native extension for WindowsStandalone target not found
Native extension for OSXStandalone target not found
Refreshing native plugins compatible for Editor in 0.45 ms, found 1 plugins.
Preloading 0 native plugins for Editor in 0.00 ms.
Mono: successfully reloaded assembly
- Completed reload, in  1.084 seconds
Platform modules already initialized, skipping
Refreshing native plugins compatible for Editor in 0.46 ms, found 1 plugins.
Preloading 0 native plugins for Editor in 0.00 ms.
Unloading 1814 Unused Serialized files (Serialized files now loaded: 0)
System memory in use before: 85.3 MB.
System memory in use after: 85.3 MB.

Unloading 12 unused Assets to reduce memory usage. Loaded Objects now: 2291.
Total: 2.423100 ms (FindLiveObjects: 0.240900 ms CreateObjectMapping: 0.056600 ms MarkObjects: 1.987400 ms  DeleteObjects: 0.137000 ms)

========================================================================
Received Prepare
Registering precompiled user dll's ...
Registered in 0.001330 seconds.
Begin MonoManager ReloadAssembly
Native extension for WindowsStandalone target not found
Native extension for OSXStandalone target not found
Refreshing native plugins compatible for Editor in 0.46 ms, found 1 plugins.
Preloading 0 native plugins for Editor in 0.00 ms.
Mono: successfully reloaded assembly
- Completed reload, in  1.085 seconds
Platform modules already initialized, skipping
Refreshing native plugins compatible for Editor in 0.44 ms, found 1 plugins.
Preloading 0 native plugins for Editor in 0.00 ms.
Unloading 1814 Unused Serialized files (Serialized files now loaded: 0)
System memory in use before: 85.3 MB.
System memory in use after: 85.3 MB.

Unloading 12 unused Assets to reduce memory usage. Loaded Objects now: 2295.
Total: 2.423300 ms (FindLiveObjects: 0.237800 ms CreateObjectMapping: 0.051300 ms MarkObjects: 2.001100 ms  DeleteObjects: 0.131700 ms)

========================================================================
Received Prepare
Registering precompiled user dll's ...
Registered in 0.001753 seconds.
Begin MonoManager ReloadAssembly
Native extension for WindowsStandalone target not found
Native extension for OSXStandalone target not found
Refreshing native plugins compatible for Editor in 0.44 ms, found 1 plugins.
Preloading 0 native plugins for Editor in 0.00 ms.
Mono: successfully reloaded assembly
- Completed reload, in  1.067 seconds
Platform modules already initialized, skipping
Refreshing native plugins compatible for Editor in 0.44 ms, found 1 plugins.
Preloading 0 native plugins for Editor in 0.00 ms.
Unloading 1814 Unused Serialized files (Serialized files now loaded: 0)
System memory in use before: 85.3 MB.
System memory in use after: 85.3 MB.

Unloading 12 unused Assets to reduce memory usage. Loaded Objects now: 2299.
Total: 3.037700 ms (FindLiveObjects: 0.403000 ms CreateObjectMapping: 0.050300 ms MarkObjects: 2.430500 ms  DeleteObjects: 0.152000 ms)

========================================================================
Received Import Request.
  Time since last request: 236.921497 seconds.
  path: Assets/Resources/Prefabs/Slot 1.prefab
  artifactKey: Guid(f9584cd0483c2b040a8fc63881abd533) Importer(815301076,1909f56bfc062723c751e8b465ee728b)
Start importing Assets/Resources/Prefabs/Slot 1.prefab using Guid(f9584cd0483c2b040a8fc63881abd533) Importer(815301076,1909f56bfc062723c751e8b465ee728b)  -> (artifact id: 'f11f14e1d9a937e88d95a4f3ab958001') in 0.038904 seconds
  Import took 0.042442 seconds .

========================================================================
Received Import Request.
  Time since last request: 1.371209 seconds.
  path: Assets/Resources/Prefabs/Slot 1.prefab
  artifactKey: Guid(f9584cd0483c2b040a8fc63881abd533) Importer(815301076,1909f56bfc062723c751e8b465ee728b)
Start importing Assets/Resources/Prefabs/Slot 1.prefab using Guid(f9584cd0483c2b040a8fc63881abd533) Importer(815301076,1909f56bfc062723c751e8b465ee728b)  -> (artifact id: '36ca8dde93f53bd8a85c2e1e81af7253') in 0.008660 seconds
  Import took 0.012592 seconds .

========================================================================
Received Import Request.
  Time since last request: 9.135063 seconds.
  path: Assets/Resources/Prefabs/Slot 1.prefab
  artifactKey: Guid(f9584cd0483c2b040a8fc63881abd533) Importer(815301076,1909f56bfc062723c751e8b465ee728b)
Start importing Assets/Resources/Prefabs/Slot 1.prefab using Guid(f9584cd0483c2b040a8fc63881abd533) Importer(815301076,1909f56bfc062723c751e8b465ee728b)  -> (artifact id: 'de4406cde7bfc90bb65f30e01c4c4dd5') in 0.009663 seconds
  Import took 0.012988 seconds .

========================================================================
Received Import Request.
  Time since last request: 1.810012 seconds.
  path: Assets/Resources/Prefabs/Slot 1.prefab
  artifactKey: Guid(f9584cd0483c2b040a8fc63881abd533) Importer(815301076,1909f56bfc062723c751e8b465ee728b)
Start importing Assets/Resources/Prefabs/Slot 1.prefab using Guid(f9584cd0483c2b040a8fc63881abd533) Importer(815301076,1909f56bfc062723c751e8b465ee728b)  -> (artifact id: '015ee7342508952461881e3ed3d99b1a') in 0.008913 seconds
  Import took 0.012279 seconds .

========================================================================
Received Import Request.
  Time since last request: 33.223707 seconds.
  path: Assets/Scripts/UICraftResult.cs
  artifactKey: Guid(d05459403213344499d52cfbbed959f4) Importer(815301076,1909f56bfc062723c751e8b465ee728b)
Start importing Assets/Scripts/UICraftResult.cs using Guid(d05459403213344499d52cfbbed959f4) Importer(815301076,1909f56bfc062723c751e8b465ee728b)  -> (artifact id: '3c8cf8213bb0e2ee18df684c696d1490') in 0.034031 seconds
  Import took 0.037465 seconds .

========================================================================
Received Prepare
Registering precompiled user dll's ...
Registered in 0.001258 seconds.
Begin MonoManager ReloadAssembly
Native extension for WindowsStandalone target not found
Native extension for OSXStandalone target not found
Refreshing native plugins compatible for Editor in 0.45 ms, found 1 plugins.
Preloading 0 native plugins for Editor in 0.00 ms.
Mono: successfully reloaded assembly
- Completed reload, in  1.093 seconds
Platform modules already initialized, skipping
Refreshing native plugins compatible for Editor in 0.45 ms, found 1 plugins.
Preloading 0 native plugins for Editor in 0.00 ms.
Unloading 1814 Unused Serialized files (Serialized files now loaded: 0)
System memory in use before: 85.3 MB.
System memory in use after: 85.3 MB.

Unloading 12 unused Assets to reduce memory usage. Loaded Objects now: 2303.
Total: 2.402800 ms (FindLiveObjects: 0.237100 ms CreateObjectMapping: 0.047800 ms MarkObjects: 1.975600 ms  DeleteObjects: 0.141100 ms)

========================================================================
Received Import Request.
  Time since last request: 190.537318 seconds.
  path: Assets/Scripts/SlotPanel.cs
  artifactKey: Guid(99974e099166e154997e1070e9071b15) Importer(815301076,1909f56bfc062723c751e8b465ee728b)
Start importing Assets/Scripts/SlotPanel.cs using Guid(99974e099166e154997e1070e9071b15) Importer(815301076,1909f56bfc062723c751e8b465ee728b)  -> (artifact id: 'c756350ca3e87bb379ff71ce0e847203') in 0.023275 seconds
  Import took 0.028123 seconds .

========================================================================
Received Prepare
Registering precompiled user dll's ...
Registered in 0.001516 seconds.
Begin MonoManager ReloadAssembly
Native extension for WindowsStandalone target not found
Native extension for OSXStandalone target not found
Refreshing native plugins compatible for Editor in 0.52 ms, found 1 plugins.
Preloading 0 native plugins for Editor in 0.00 ms.
Mono: successfully reloaded assembly
- Completed reload, in  1.103 seconds
Platform modules already initialized, skipping
Refreshing native plugins compatible for Editor in 0.45 ms, found 1 plugins.
Preloading 0 native plugins for Editor in 0.00 ms.
Unloading 1814 Unused Serialized files (Serialized files now loaded: 0)
System memory in use before: 85.3 MB.
System memory in use after: 85.3 MB.

Unloading 12 unused Assets to reduce memory usage. Loaded Objects now: 2307.
Total: 2.428500 ms (FindLiveObjects: 0.234100 ms CreateObjectMapping: 0.050000 ms MarkObjects: 2.003200 ms  DeleteObjects: 0.139800 ms)

========================================================================
Received Import Request.
  Time since last request: 547.973314 seconds.
  path: Assets/Scripts/CraftingSlots.cs
  artifactKey: Guid(69725fe245cf000438b37638dcb7a569) Importer(815301076,1909f56bfc062723c751e8b465ee728b)
Start importing Assets/Scripts/CraftingSlots.cs using Guid(69725fe245cf000438b37638dcb7a569) Importer(815301076,1909f56bfc062723c751e8b465ee728b)  -> (artifact id: 'a0a30d2818115e338c55ef000b816264') in 0.007760 seconds
  Import took 0.011452 seconds .

========================================================================
Received Prepare
Registering precompiled user dll's ...
Registered in 0.001274 seconds.
Begin MonoManager ReloadAssembly
Native extension for WindowsStandalone target not found
Native extension for OSXStandalone target not found
Refreshing native plugins compatible for Editor in 0.44 ms, found 1 plugins.
Preloading 0 native plugins for Editor in 0.00 ms.
Mono: successfully reloaded assembly
- Completed reload, in  1.073 seconds
Platform modules already initialized, skipping
Refreshing native plugins compatible for Editor in 0.49 ms, found 1 plugins.
Preloading 0 native plugins for Editor in 0.00 ms.
Unloading 1814 Unused Serialized files (Serialized files now loaded: 0)
System memory in use before: 85.3 MB.
System memory in use after: 85.3 MB.

Unloading 12 unused Assets to reduce memory usage. Loaded Objects now: 2311.
Total: 2.539000 ms (FindLiveObjects: 0.242400 ms CreateObjectMapping: 0.048600 ms MarkObjects: 2.096500 ms  DeleteObjects: 0.150500 ms)

========================================================================
Received Import Request.
  Time since last request: 39.523316 seconds.
  path: Assets/Scripts/UIItem.cs
  artifactKey: Guid(df1241dde62e05b469394e8ed6563156) Importer(815301076,1909f56bfc062723c751e8b465ee728b)
Start importing Assets/Scripts/UIItem.cs using Guid(df1241dde62e05b469394e8ed6563156) Importer(815301076,1909f56bfc062723c751e8b465ee728b)  -> (artifact id: '107590d801b16d2931b4eef6c24f6435') in 0.016527 seconds
  Import took 0.020028 seconds .

========================================================================
Received Import Request.
  Time since last request: 0.017831 seconds.
  path: Assets/Scripts/UIItem.cs
  artifactKey: Guid(df1241dde62e05b469394e8ed6563156) Importer(815301076,1909f56bfc062723c751e8b465ee728b)
Start importing Assets/Scripts/UIItem.cs using Guid(df1241dde62e05b469394e8ed6563156) Importer(815301076,1909f56bfc062723c751e8b465ee728b)  -> (artifact id: '107590d801b16d2931b4eef6c24f6435') in 0.006622 seconds
  Import took 0.010007 seconds .

========================================================================
Received Prepare
Registering precompiled user dll's ...
Registered in 0.001322 seconds.
Begin MonoManager ReloadAssembly
Native extension for WindowsStandalone target not found
Native extension for OSXStandalone target not found
Refreshing native plugins compatible for Editor in 0.48 ms, found 1 plugins.
Preloading 0 native plugins for Editor in 0.00 ms.
Mono: successfully reloaded assembly
- Completed reload, in  1.103 seconds
Platform modules already initialized, skipping
Refreshing native plugins compatible for Editor in 0.43 ms, found 1 plugins.
Preloading 0 native plugins for Editor in 0.00 ms.
Unloading 1814 Unused Serialized files (Serialized files now loaded: 0)
System memory in use before: 85.3 MB.
System memory in use after: 85.3 MB.

Unloading 12 unused Assets to reduce memory usage. Loaded Objects now: 2315.
Total: 2.900600 ms (FindLiveObjects: 0.250500 ms CreateObjectMapping: 0.059100 ms MarkObjects: 2.426100 ms  DeleteObjects: 0.163600 ms)

========================================================================
Received Prepare
Registering precompiled user dll's ...
Registered in 0.001226 seconds.
Begin MonoManager ReloadAssembly
Native extension for WindowsStandalone target not found
Native extension for OSXStandalone target not found
Refreshing native plugins compatible for Editor in 0.47 ms, found 1 plugins.
Preloading 0 native plugins for Editor in 0.00 ms.
Mono: successfully reloaded assembly
- Completed reload, in  1.134 seconds
Platform modules already initialized, skipping
Refreshing native plugins compatible for Editor in 0.50 ms, found 1 plugins.
Preloading 0 native plugins for Editor in 0.00 ms.
Unloading 1814 Unused Serialized files (Serialized files now loaded: 0)
System memory in use before: 85.4 MB.
System memory in use after: 85.3 MB.

Unloading 12 unused Assets to reduce memory usage. Loaded Objects now: 2319.
Total: 2.768200 ms (FindLiveObjects: 0.274200 ms CreateObjectMapping: 0.100700 ms MarkObjects: 2.233800 ms  DeleteObjects: 0.157800 ms)

========================================================================
Received Prepare
Registering precompiled user dll's ...
Registered in 0.001237 seconds.
Begin MonoManager ReloadAssembly
Native extension for WindowsStandalone target not found
Native extension for OSXStandalone target not found
Refreshing native plugins compatible for Editor in 0.51 ms, found 1 plugins.
Preloading 0 native plugins for Editor in 0.00 ms.
Mono: successfully reloaded assembly
- Completed reload, in  1.072 seconds
Platform modules already initialized, skipping
Refreshing native plugins compatible for Editor in 0.44 ms, found 1 plugins.
Preloading 0 native plugins for Editor in 0.00 ms.
Unloading 1814 Unused Serialized files (Serialized files now loaded: 0)
System memory in use before: 85.4 MB.
System memory in use after: 85.3 MB.

Unloading 12 unused Assets to reduce memory usage. Loaded Objects now: 2323.
Total: 2.458000 ms (FindLiveObjects: 0.268900 ms CreateObjectMapping: 0.050900 ms MarkObjects: 1.990300 ms  DeleteObjects: 0.146600 ms)

========================================================================
Received Prepare
Registering precompiled user dll's ...
Registered in 0.001263 seconds.
Begin MonoManager ReloadAssembly
Native extension for WindowsStandalone target not found
Native extension for OSXStandalone target not found
Refreshing native plugins compatible for Editor in 0.51 ms, found 1 plugins.
Preloading 0 native plugins for Editor in 0.00 ms.
Mono: successfully reloaded assembly
- Completed reload, in  1.051 seconds
Platform modules already initialized, skipping
Refreshing native plugins compatible for Editor in 0.49 ms, found 1 plugins.
Preloading 0 native plugins for Editor in 0.00 ms.
Unloading 1814 Unused Serialized files (Serialized files now loaded: 0)
System memory in use before: 85.4 MB.
System memory in use after: 85.4 MB.

Unloading 12 unused Assets to reduce memory usage. Loaded Objects now: 2327.
Total: 2.401100 ms (FindLiveObjects: 0.254000 ms CreateObjectMapping: 0.049100 ms MarkObjects: 1.946900 ms  DeleteObjects: 0.149000 ms)

========================================================================
Received Prepare
Registering precompiled user dll's ...
Registered in 0.001342 seconds.
Begin MonoManager ReloadAssembly
Native extension for WindowsStandalone target not found
Native extension for OSXStandalone target not found
Refreshing native plugins compatible for Editor in 0.45 ms, found 1 plugins.
Preloading 0 native plugins for Editor in 0.00 ms.
Mono: successfully reloaded assembly
- Completed reload, in  1.044 seconds
Platform modules already initialized, skipping
Refreshing native plugins compatible for Editor in 0.47 ms, found 1 plugins.
Preloading 0 native plugins for Editor in 0.00 ms.
Unloading 1814 Unused Serialized files (Serialized files now loaded: 0)
System memory in use before: 85.4 MB.
System memory in use after: 85.4 MB.

Unloading 12 unused Assets to reduce memory usage. Loaded Objects now: 2331.
Total: 2.397500 ms (FindLiveObjects: 0.237100 ms CreateObjectMapping: 0.049300 ms MarkObjects: 1.961300 ms  DeleteObjects: 0.148600 ms)

========================================================================
Received Import Request.
  Time since last request: 2659.164259 seconds.
  path: Assets/Scripts/Item.cs
  artifactKey: Guid(63eadafde33e7f548acb87a6be877fd0) Importer(815301076,1909f56bfc062723c751e8b465ee728b)
Start importing Assets/Scripts/Item.cs using Guid(63eadafde33e7f548acb87a6be877fd0) Importer(815301076,1909f56bfc062723c751e8b465ee728b)  -> (artifact id: '5af99fef781ce4686b2b6e655c432d0c') in 0.018201 seconds
  Import took 0.022085 seconds .

========================================================================
Received Prepare
Registering precompiled user dll's ...
Registered in 0.001304 seconds.
Begin MonoManager ReloadAssembly
Native extension for WindowsStandalone target not found
Native extension for OSXStandalone target not found
Refreshing native plugins compatible for Editor in 0.54 ms, found 1 plugins.
Preloading 0 native plugins for Editor in 0.00 ms.
Mono: successfully reloaded assembly
- Completed reload, in  1.089 seconds
Platform modules already initialized, skipping
Refreshing native plugins compatible for Editor in 0.42 ms, found 1 plugins.
Preloading 0 native plugins for Editor in 0.00 ms.
Unloading 1814 Unused Serialized files (Serialized files now loaded: 0)
System memory in use before: 85.4 MB.
System memory in use after: 85.4 MB.

Unloading 12 unused Assets to reduce memory usage. Loaded Objects now: 2335.
Total: 2.919100 ms (FindLiveObjects: 0.327500 ms CreateObjectMapping: 0.054500 ms MarkObjects: 2.358200 ms  DeleteObjects: 0.177300 ms)

========================================================================
Received Prepare
Registering precompiled user dll's ...
Registered in 0.001214 seconds.
Begin MonoManager ReloadAssembly
Native extension for WindowsStandalone target not found
Native extension for OSXStandalone target not found
Refreshing native plugins compatible for Editor in 0.44 ms, found 1 plugins.
Preloading 0 native plugins for Editor in 0.00 ms.
Mono: successfully reloaded assembly
- Completed reload, in  1.103 seconds
Platform modules already initialized, skipping
Refreshing native plugins compatible for Editor in 0.48 ms, found 1 plugins.
Preloading 0 native plugins for Editor in 0.00 ms.
Unloading 1814 Unused Serialized files (Serialized files now loaded: 0)
System memory in use before: 85.4 MB.
System memory in use after: 85.4 MB.

Unloading 12 unused Assets to reduce memory usage. Loaded Objects now: 2339.
Total: 3.152700 ms (FindLiveObjects: 0.366500 ms CreateObjectMapping: 0.083500 ms MarkObjects: 2.546800 ms  DeleteObjects: 0.154000 ms)

========================================================================
Received Prepare
Registering precompiled user dll's ...
Registered in 0.001261 seconds.
Begin MonoManager ReloadAssembly
Native extension for WindowsStandalone target not found
Native extension for OSXStandalone target not found
Refreshing native plugins compatible for Editor in 0.46 ms, found 1 plugins.
Preloading 0 native plugins for Editor in 0.00 ms.
Mono: successfully reloaded assembly
- Completed reload, in  1.077 seconds
Platform modules already initialized, skipping
Refreshing native plugins compatible for Editor in 0.42 ms, found 1 plugins.
Preloading 0 native plugins for Editor in 0.00 ms.
Unloading 1814 Unused Serialized files (Serialized files now loaded: 0)
System memory in use before: 85.4 MB.
System memory in use after: 85.4 MB.

Unloading 12 unused Assets to reduce memory usage. Loaded Objects now: 2343.
Total: 2.470000 ms (FindLiveObjects: 0.247000 ms CreateObjectMapping: 0.049200 ms MarkObjects: 2.021800 ms  DeleteObjects: 0.150700 ms)

========================================================================
Received Prepare
Registering precompiled user dll's ...
Registered in 0.001303 seconds.
Begin MonoManager ReloadAssembly
Native extension for WindowsStandalone target not found
Native extension for OSXStandalone target not found
Refreshing native plugins compatible for Editor in 0.44 ms, found 1 plugins.
Preloading 0 native plugins for Editor in 0.00 ms.
Mono: successfully reloaded assembly
- Completed reload, in  1.067 seconds
Platform modules already initialized, skipping
Refreshing native plugins compatible for Editor in 0.43 ms, found 1 plugins.
Preloading 0 native plugins for Editor in 0.00 ms.
Unloading 1814 Unused Serialized files (Serialized files now loaded: 0)
System memory in use before: 85.4 MB.
System memory in use after: 85.4 MB.

Unloading 12 unused Assets to reduce memory usage. Loaded Objects now: 2347.
Total: 2.493400 ms (FindLiveObjects: 0.282300 ms CreateObjectMapping: 0.051100 ms MarkObjects: 2.015200 ms  DeleteObjects: 0.143400 ms)

========================================================================
Received Prepare
Registering precompiled user dll's ...
Registered in 0.001528 seconds.
Begin MonoManager ReloadAssembly
Native extension for WindowsStandalone target not found
Native extension for OSXStandalone target not found
Refreshing native plugins compatible for Editor in 0.64 ms, found 1 plugins.
Preloading 0 native plugins for Editor in 0.00 ms.
Mono: successfully reloaded assembly
- Completed reload, in  1.077 seconds
Platform modules already initialized, skipping
Refreshing native plugins compatible for Editor in 0.42 ms, found 1 plugins.
Preloading 0 native plugins for Editor in 0.00 ms.
Unloading 1814 Unused Serialized files (Serialized files now loaded: 0)
System memory in use before: 85.4 MB.
System memory in use after: 85.4 MB.

Unloading 12 unused Assets to reduce memory usage. Loaded Objects now: 2351.
Total: 2.584900 ms (FindLiveObjects: 0.400500 ms CreateObjectMapping: 0.104300 ms MarkObjects: 1.938500 ms  DeleteObjects: 0.140100 ms)

AssetImportWorkerClient::OnTransportError - code=2 error=End of file
