Using pre-set license
Built from '2020.3/release' branch; Version is '2020.3.7f1 (dd97f2c94397) revision 14522354'; Using compiler version '192528614'; Build Type 'Release'
OS: 'Windows 10 Home; OS build 19043.1237; Version 2009; 64bit' Language: 'en' Physical Memory: 16336 MB
BatchMode: 1, IsHumanControllingUs: 0, StartBugReporterOnCrash: 0, Is64bit: 1, IsPro: 0

 COMMAND LINE ARGUMENTS:
C:\Program Files\Unity\Hub\Editor\2020.3.7f1\Editor\Unity.exe
-adb2
-batchMode
-noUpm
-name
AssetImportWorker0
-projectPath
E:/Prototype 1/Potion-Seller/Potion Seller
-logFile
Logs/AssetImportWorker0.log
-srvPort
54100
Successfully changed project path to: E:/Prototype 1/Potion-Seller/Potion Seller
E:/Prototype 1/Potion-Seller/Potion Seller
Using Asset Import Pipeline V2.
Refreshing native plugins compatible for Editor in 126.41 ms, found 1 plugins.
Preloading 0 native plugins for Editor in 0.00 ms.
Initialize engine version: 2020.3.7f1 (dd97f2c94397)
[Subsystems] Discovering subsystems at path C:/Program Files/Unity/Hub/Editor/2020.3.7f1/Editor/Data/Resources/UnitySubsystems
[Subsystems] Discovering subsystems at path E:/Prototype 1/Potion-Seller/Potion Seller/Assets
GfxDevice: creating device client; threaded=0
Direct3D:
    Version:  Direct3D 11.0 [level 11.1]
    Renderer: NVIDIA GeForce GTX 1080 (ID=0x1b80)
    Vendor:   
    VRAM:     8079 MB
    Driver:   30.0.14.7212
Initialize mono
Mono path[0] = 'C:/Program Files/Unity/Hub/Editor/2020.3.7f1/Editor/Data/Managed'
Mono path[1] = 'C:/Program Files/Unity/Hub/Editor/2020.3.7f1/Editor/Data/MonoBleedingEdge/lib/mono/unityjit'
Mono config path = 'C:/Program Files/Unity/Hub/Editor/2020.3.7f1/Editor/Data/MonoBleedingEdge/etc'
Using monoOptions --debugger-agent=transport=dt_socket,embedding=1,server=y,suspend=n,address=127.0.0.1:56168
Begin MonoManager ReloadAssembly
Registering precompiled unity dll's ...
Register platform support module: C:/Program Files/Unity/Hub/Editor/2020.3.7f1/Editor/Data/PlaybackEngines/MacStandaloneSupport/UnityEditor.OSXStandalone.Extensions.dll
Register platform support module: C:/Program Files/Unity/Hub/Editor/2020.3.7f1/Editor/Data/PlaybackEngines/WindowsStandaloneSupport/UnityEditor.WindowsStandalone.Extensions.dll
Registered in 0.246074 seconds.
Native extension for WindowsStandalone target not found
Native extension for OSXStandalone target not found
Refreshing native plugins compatible for Editor in 47.48 ms, found 1 plugins.
Preloading 0 native plugins for Editor in 0.00 ms.
Mono: successfully reloaded assembly
- Completed reload, in  6.121 seconds
Platform modules already initialized, skipping
Registering precompiled user dll's ...
Registered in 0.058115 seconds.
Begin MonoManager ReloadAssembly
Native extension for WindowsStandalone target not found
Native extension for OSXStandalone target not found
Refreshing native plugins compatible for Editor in 44.42 ms, found 1 plugins.
Preloading 0 native plugins for Editor in 0.00 ms.
Mono: successfully reloaded assembly
- Completed reload, in  3.707 seconds
Platform modules already initialized, skipping
========================================================================
Worker process is ready to serve import requests
Launched and connected shader compiler UnityShaderCompiler.exe after 0.09 seconds
Refreshing native plugins compatible for Editor in 0.53 ms, found 1 plugins.
Preloading 0 native plugins for Editor in 0.00 ms.
Unloading 1815 Unused Serialized files (Serialized files now loaded: 0)
System memory in use before: 85.2 MB.
System memory in use after: 85.1 MB.

Unloading 24 unused Assets to reduce memory usage. Loaded Objects now: 2259.
Total: 2.477300 ms (FindLiveObjects: 0.250800 ms CreateObjectMapping: 0.051500 ms MarkObjects: 2.014700 ms  DeleteObjects: 0.158900 ms)

========================================================================
Received Import Request.
  path: Assets/Scripts/InventoryManager.cs
  artifactKey: Guid(0ab3b28fd572299458be0616e3cfa6f8) Importer(815301076,1909f56bfc062723c751e8b465ee728b)
Start importing Assets/Scripts/InventoryManager.cs using Guid(0ab3b28fd572299458be0616e3cfa6f8) Importer(815301076,1909f56bfc062723c751e8b465ee728b)  -> (artifact id: '5bd1b77c2125066e46db57385b6bf2a3') in 0.039373 seconds
  Import took 0.042692 seconds .

========================================================================
Received Import Request.
  Time since last request: 0.000240 seconds.
  path: Assets/Scripts/Inventory.cs
  artifactKey: Guid(eb076f8947cb61c48833dbe86c1a7bbd) Importer(815301076,1909f56bfc062723c751e8b465ee728b)
Start importing Assets/Scripts/Inventory.cs using Guid(eb076f8947cb61c48833dbe86c1a7bbd) Importer(815301076,1909f56bfc062723c751e8b465ee728b)  -> (artifact id: '3b52f8dcec7269a1419e3970ec807a48') in 0.008361 seconds
  Import took 0.011509 seconds .

========================================================================
Received Prepare
Registering precompiled user dll's ...
Registered in 0.001404 seconds.
Begin MonoManager ReloadAssembly
Native extension for WindowsStandalone target not found
Native extension for OSXStandalone target not found
Refreshing native plugins compatible for Editor in 0.53 ms, found 1 plugins.
Preloading 0 native plugins for Editor in 0.00 ms.
Mono: successfully reloaded assembly
- Completed reload, in  1.177 seconds
Platform modules already initialized, skipping
Refreshing native plugins compatible for Editor in 0.69 ms, found 1 plugins.
Preloading 0 native plugins for Editor in 0.00 ms.
Unloading 1810 Unused Serialized files (Serialized files now loaded: 0)
System memory in use before: 85.2 MB.
System memory in use after: 85.1 MB.

Unloading 12 unused Assets to reduce memory usage. Loaded Objects now: 2263.
Total: 3.626500 ms (FindLiveObjects: 0.372200 ms CreateObjectMapping: 0.061700 ms MarkObjects: 3.010000 ms  DeleteObjects: 0.180700 ms)

========================================================================
Received Import Request.
  Time since last request: 4515.747170 seconds.
  path: Assets/Scripts/InventoryManager.cs
  artifactKey: Guid(0ab3b28fd572299458be0616e3cfa6f8) Importer(815301076,1909f56bfc062723c751e8b465ee728b)
Start importing Assets/Scripts/InventoryManager.cs using Guid(0ab3b28fd572299458be0616e3cfa6f8) Importer(815301076,1909f56bfc062723c751e8b465ee728b)  -> (artifact id: 'f8a0709b629aeec00c8ddc8884b44b17') in 0.039776 seconds
  Import took 0.043255 seconds .

========================================================================
Received Prepare
Registering precompiled user dll's ...
Registered in 0.001272 seconds.
Begin MonoManager ReloadAssembly
Native extension for WindowsStandalone target not found
Native extension for OSXStandalone target not found
Refreshing native plugins compatible for Editor in 0.49 ms, found 1 plugins.
Preloading 0 native plugins for Editor in 0.00 ms.
Mono: successfully reloaded assembly
- Completed reload, in  1.071 seconds
Platform modules already initialized, skipping
Refreshing native plugins compatible for Editor in 0.53 ms, found 1 plugins.
Preloading 0 native plugins for Editor in 0.00 ms.
Unloading 1810 Unused Serialized files (Serialized files now loaded: 0)
System memory in use before: 85.2 MB.
System memory in use after: 85.2 MB.

Unloading 12 unused Assets to reduce memory usage. Loaded Objects now: 2267.
Total: 2.374900 ms (FindLiveObjects: 0.242700 ms CreateObjectMapping: 0.047900 ms MarkObjects: 1.946200 ms  DeleteObjects: 0.136800 ms)

========================================================================
Received Import Request.
  Time since last request: 482.043738 seconds.
  path: Assets/Scripts/InventoryManager.cs
  artifactKey: Guid(0ab3b28fd572299458be0616e3cfa6f8) Importer(815301076,1909f56bfc062723c751e8b465ee728b)
Start importing Assets/Scripts/InventoryManager.cs using Guid(0ab3b28fd572299458be0616e3cfa6f8) Importer(815301076,1909f56bfc062723c751e8b465ee728b)  -> (artifact id: 'e247a813013d14cd78416b4ce31f9751') in 0.012972 seconds
  Import took 0.016591 seconds .

========================================================================
Received Prepare
Registering precompiled user dll's ...
Registered in 0.001252 seconds.
Begin MonoManager ReloadAssembly
Native extension for WindowsStandalone target not found
Native extension for OSXStandalone target not found
Refreshing native plugins compatible for Editor in 0.43 ms, found 1 plugins.
Preloading 0 native plugins for Editor in 0.00 ms.
Mono: successfully reloaded assembly
- Completed reload, in  1.072 seconds
Platform modules already initialized, skipping
Refreshing native plugins compatible for Editor in 0.44 ms, found 1 plugins.
Preloading 0 native plugins for Editor in 0.00 ms.
Unloading 1810 Unused Serialized files (Serialized files now loaded: 0)
System memory in use before: 85.2 MB.
System memory in use after: 85.2 MB.

Unloading 12 unused Assets to reduce memory usage. Loaded Objects now: 2271.
Total: 3.025000 ms (FindLiveObjects: 0.236500 ms CreateObjectMapping: 0.052400 ms MarkObjects: 2.557200 ms  DeleteObjects: 0.177100 ms)

========================================================================
Received Prepare
Registering precompiled user dll's ...
Registered in 0.001219 seconds.
Begin MonoManager ReloadAssembly
Native extension for WindowsStandalone target not found
Native extension for OSXStandalone target not found
Refreshing native plugins compatible for Editor in 0.46 ms, found 1 plugins.
Preloading 0 native plugins for Editor in 0.00 ms.
Mono: successfully reloaded assembly
- Completed reload, in  1.078 seconds
Platform modules already initialized, skipping
Refreshing native plugins compatible for Editor in 0.53 ms, found 1 plugins.
Preloading 0 native plugins for Editor in 0.00 ms.
Unloading 1810 Unused Serialized files (Serialized files now loaded: 0)
System memory in use before: 85.2 MB.
System memory in use after: 85.2 MB.

Unloading 12 unused Assets to reduce memory usage. Loaded Objects now: 2275.
Total: 2.477200 ms (FindLiveObjects: 0.238600 ms CreateObjectMapping: 0.048600 ms MarkObjects: 2.039900 ms  DeleteObjects: 0.148900 ms)

========================================================================
Received Prepare
Registering precompiled user dll's ...
Registered in 0.001316 seconds.
Begin MonoManager ReloadAssembly
Native extension for WindowsStandalone target not found
Native extension for OSXStandalone target not found
Refreshing native plugins compatible for Editor in 0.57 ms, found 1 plugins.
Preloading 0 native plugins for Editor in 0.00 ms.
Mono: successfully reloaded assembly
- Completed reload, in  1.069 seconds
Platform modules already initialized, skipping
Refreshing native plugins compatible for Editor in 0.50 ms, found 1 plugins.
Preloading 0 native plugins for Editor in 0.00 ms.
Unloading 1810 Unused Serialized files (Serialized files now loaded: 0)
System memory in use before: 85.2 MB.
System memory in use after: 85.2 MB.

Unloading 12 unused Assets to reduce memory usage. Loaded Objects now: 2279.
Total: 2.430200 ms (FindLiveObjects: 0.273200 ms CreateObjectMapping: 0.051000 ms MarkObjects: 1.963900 ms  DeleteObjects: 0.140500 ms)

========================================================================
Received Prepare
Registering precompiled user dll's ...
Registered in 0.001213 seconds.
Begin MonoManager ReloadAssembly
Native extension for WindowsStandalone target not found
Native extension for OSXStandalone target not found
Refreshing native plugins compatible for Editor in 0.45 ms, found 1 plugins.
Preloading 0 native plugins for Editor in 0.00 ms.
Mono: successfully reloaded assembly
- Completed reload, in  1.097 seconds
Platform modules already initialized, skipping
Refreshing native plugins compatible for Editor in 0.45 ms, found 1 plugins.
Preloading 0 native plugins for Editor in 0.00 ms.
Unloading 1810 Unused Serialized files (Serialized files now loaded: 0)
System memory in use before: 85.2 MB.
System memory in use after: 85.2 MB.

Unloading 12 unused Assets to reduce memory usage. Loaded Objects now: 2283.
Total: 2.579900 ms (FindLiveObjects: 0.311700 ms CreateObjectMapping: 0.051700 ms MarkObjects: 2.050800 ms  DeleteObjects: 0.164400 ms)

========================================================================
Received Import Request.
  Time since last request: 2232.244656 seconds.
  path: Assets/Items/Helmet 1.asset
  artifactKey: Guid(b8866a986d8d70c4cacf23861760b01c) Importer(815301076,1909f56bfc062723c751e8b465ee728b)
Start importing Assets/Items/Helmet 1.asset using Guid(b8866a986d8d70c4cacf23861760b01c) Importer(815301076,1909f56bfc062723c751e8b465ee728b)  -> (artifact id: 'f78207427418e42f8d2126325ff8f6ae') in 0.029882 seconds
  Import took 0.033521 seconds .

========================================================================
Received Prepare
Registering precompiled user dll's ...
Registered in 0.001244 seconds.
Begin MonoManager ReloadAssembly
Native extension for WindowsStandalone target not found
Native extension for OSXStandalone target not found
Refreshing native plugins compatible for Editor in 0.45 ms, found 1 plugins.
Preloading 0 native plugins for Editor in 0.00 ms.
Mono: successfully reloaded assembly
- Completed reload, in  1.080 seconds
Platform modules already initialized, skipping
Refreshing native plugins compatible for Editor in 0.45 ms, found 1 plugins.
Preloading 0 native plugins for Editor in 0.00 ms.
Unloading 1810 Unused Serialized files (Serialized files now loaded: 0)
System memory in use before: 85.3 MB.
System memory in use after: 85.2 MB.

Unloading 13 unused Assets to reduce memory usage. Loaded Objects now: 2287.
Total: 2.830300 ms (FindLiveObjects: 0.294300 ms CreateObjectMapping: 0.052000 ms MarkObjects: 2.281500 ms  DeleteObjects: 0.200600 ms)

========================================================================
Received Prepare
Registering precompiled user dll's ...
Registered in 0.001214 seconds.
Begin MonoManager ReloadAssembly
Native extension for WindowsStandalone target not found
Native extension for OSXStandalone target not found
Refreshing native plugins compatible for Editor in 0.45 ms, found 1 plugins.
Preloading 0 native plugins for Editor in 0.00 ms.
Mono: successfully reloaded assembly
- Completed reload, in  1.100 seconds
Platform modules already initialized, skipping
Refreshing native plugins compatible for Editor in 0.46 ms, found 1 plugins.
Preloading 0 native plugins for Editor in 0.00 ms.
Unloading 1810 Unused Serialized files (Serialized files now loaded: 0)
System memory in use before: 85.3 MB.
System memory in use after: 85.2 MB.

Unloading 12 unused Assets to reduce memory usage. Loaded Objects now: 2291.
Total: 2.380600 ms (FindLiveObjects: 0.239100 ms CreateObjectMapping: 0.049300 ms MarkObjects: 1.953700 ms  DeleteObjects: 0.137400 ms)

========================================================================
Received Import Request.
  Time since last request: 63.709540 seconds.
  path: Assets/Items/Helmet.asset
  artifactKey: Guid(f8440cbc71491a24c9ea66cb316222ed) Importer(815301076,1909f56bfc062723c751e8b465ee728b)
Start importing Assets/Items/Helmet.asset using Guid(f8440cbc71491a24c9ea66cb316222ed) Importer(815301076,1909f56bfc062723c751e8b465ee728b)  -> (artifact id: '7e4cffc5220fa46eefa5e7f244bd9d2a') in 0.018815 seconds
  Import took 0.022445 seconds .

========================================================================
Received Prepare
Registering precompiled user dll's ...
Registered in 0.001335 seconds.
Begin MonoManager ReloadAssembly
Native extension for WindowsStandalone target not found
Native extension for OSXStandalone target not found
Refreshing native plugins compatible for Editor in 0.50 ms, found 1 plugins.
Preloading 0 native plugins for Editor in 0.00 ms.
Mono: successfully reloaded assembly
- Completed reload, in  1.054 seconds
Platform modules already initialized, skipping
Refreshing native plugins compatible for Editor in 0.44 ms, found 1 plugins.
Preloading 0 native plugins for Editor in 0.00 ms.
Unloading 1810 Unused Serialized files (Serialized files now loaded: 0)
System memory in use before: 85.3 MB.
System memory in use after: 85.2 MB.

Unloading 12 unused Assets to reduce memory usage. Loaded Objects now: 2295.
Total: 2.513100 ms (FindLiveObjects: 0.234400 ms CreateObjectMapping: 0.049000 ms MarkObjects: 2.084800 ms  DeleteObjects: 0.143700 ms)

========================================================================
Received Import Request.
  Time since last request: 30.001333 seconds.
  path: Assets/Items/New Item.asset
  artifactKey: Guid(b873f9ab007c1244eb481e8f3a46d5ce) Importer(815301076,1909f56bfc062723c751e8b465ee728b)
Start importing Assets/Items/New Item.asset using Guid(b873f9ab007c1244eb481e8f3a46d5ce) Importer(815301076,1909f56bfc062723c751e8b465ee728b)  -> (artifact id: 'a97a7165a4e7d5307b0e82ffa916e225') in 0.021767 seconds
  Import took 0.025853 seconds .

========================================================================
Received Import Request.
  Time since last request: 0.000410 seconds.
  path: Assets/Items/New Item.asset
  artifactKey: Guid(b873f9ab007c1244eb481e8f3a46d5ce) Importer(815301076,1909f56bfc062723c751e8b465ee728b)
Start importing Assets/Items/New Item.asset using Guid(b873f9ab007c1244eb481e8f3a46d5ce) Importer(815301076,1909f56bfc062723c751e8b465ee728b)  -> (artifact id: 'a97a7165a4e7d5307b0e82ffa916e225') in 0.005758 seconds
  Import took 0.008924 seconds .

========================================================================
Received Prepare
Registering precompiled user dll's ...
Registered in 0.001694 seconds.
Begin MonoManager ReloadAssembly
Native extension for WindowsStandalone target not found
Native extension for OSXStandalone target not found
Refreshing native plugins compatible for Editor in 0.47 ms, found 1 plugins.
Preloading 0 native plugins for Editor in 0.00 ms.
Mono: successfully reloaded assembly
- Completed reload, in  1.061 seconds
Platform modules already initialized, skipping
Refreshing native plugins compatible for Editor in 0.45 ms, found 1 plugins.
Preloading 0 native plugins for Editor in 0.00 ms.
Unloading 1810 Unused Serialized files (Serialized files now loaded: 0)
System memory in use before: 85.3 MB.
System memory in use after: 85.3 MB.

Unloading 12 unused Assets to reduce memory usage. Loaded Objects now: 2299.
Total: 2.393000 ms (FindLiveObjects: 0.254400 ms CreateObjectMapping: 0.068800 ms MarkObjects: 1.930600 ms  DeleteObjects: 0.137500 ms)

========================================================================
Received Import Request.
  Time since last request: 298.277375 seconds.
  path: Assets/Items/Item.asset
  artifactKey: Guid(192ff21f40e3d054f897ae06651b8446) Importer(815301076,1909f56bfc062723c751e8b465ee728b)
Start importing Assets/Items/Item.asset using Guid(192ff21f40e3d054f897ae06651b8446) Importer(815301076,1909f56bfc062723c751e8b465ee728b)  -> (artifact id: '7e966ac0ec64c09795358ae4499549e7') in 0.023435 seconds
  Import took 0.027283 seconds .

========================================================================
Received Prepare
Registering precompiled user dll's ...
Registered in 0.001468 seconds.
Begin MonoManager ReloadAssembly
Native extension for WindowsStandalone target not found
Native extension for OSXStandalone target not found
Refreshing native plugins compatible for Editor in 0.45 ms, found 1 plugins.
Preloading 0 native plugins for Editor in 0.00 ms.
Mono: successfully reloaded assembly
- Completed reload, in  1.075 seconds
Platform modules already initialized, skipping
Refreshing native plugins compatible for Editor in 0.44 ms, found 1 plugins.
Preloading 0 native plugins for Editor in 0.00 ms.
Unloading 1810 Unused Serialized files (Serialized files now loaded: 0)
System memory in use before: 85.3 MB.
System memory in use after: 85.3 MB.

Unloading 12 unused Assets to reduce memory usage. Loaded Objects now: 2303.
Total: 2.479000 ms (FindLiveObjects: 0.266000 ms CreateObjectMapping: 0.052700 ms MarkObjects: 2.008000 ms  DeleteObjects: 0.151300 ms)

========================================================================
Received Import Request.
  Time since last request: 40.405249 seconds.
  path: Assets/Items/New Equippable Item.asset
  artifactKey: Guid(b3e082428eba7314288d6ee885ae28cf) Importer(815301076,1909f56bfc062723c751e8b465ee728b)
Start importing Assets/Items/New Equippable Item.asset using Guid(b3e082428eba7314288d6ee885ae28cf) Importer(815301076,1909f56bfc062723c751e8b465ee728b)  -> (artifact id: '57dfcbf223f589d63a559d6a583c6027') in 0.019454 seconds
  Import took 0.022839 seconds .

========================================================================
Received Prepare
Registering precompiled user dll's ...
Registered in 0.001312 seconds.
Begin MonoManager ReloadAssembly
Native extension for WindowsStandalone target not found
Native extension for OSXStandalone target not found
Refreshing native plugins compatible for Editor in 0.46 ms, found 1 plugins.
Preloading 0 native plugins for Editor in 0.00 ms.
Mono: successfully reloaded assembly
- Completed reload, in  1.093 seconds
Platform modules already initialized, skipping
Refreshing native plugins compatible for Editor in 0.44 ms, found 1 plugins.
Preloading 0 native plugins for Editor in 0.00 ms.
Unloading 1810 Unused Serialized files (Serialized files now loaded: 0)
System memory in use before: 85.3 MB.
System memory in use after: 85.3 MB.

Unloading 12 unused Assets to reduce memory usage. Loaded Objects now: 2307.
Total: 2.883400 ms (FindLiveObjects: 0.244700 ms CreateObjectMapping: 0.049500 ms MarkObjects: 2.412200 ms  DeleteObjects: 0.175800 ms)

========================================================================
Received Import Request.
  Time since last request: 135.553751 seconds.
  path: Assets/Items/Ingredient.asset
  artifactKey: Guid(53ff81678a2c4c344ad0b6466db94784) Importer(815301076,1909f56bfc062723c751e8b465ee728b)
Start importing Assets/Items/Ingredient.asset using Guid(53ff81678a2c4c344ad0b6466db94784) Importer(815301076,1909f56bfc062723c751e8b465ee728b)  -> (artifact id: 'ccfefb08424c29377ceddc0dc44b1f8c') in 0.019404 seconds
  Import took 0.023078 seconds .

========================================================================
Received Prepare
Registering precompiled user dll's ...
Registered in 0.001523 seconds.
Begin MonoManager ReloadAssembly
Native extension for WindowsStandalone target not found
Native extension for OSXStandalone target not found
Refreshing native plugins compatible for Editor in 0.46 ms, found 1 plugins.
Preloading 0 native plugins for Editor in 0.00 ms.
Mono: successfully reloaded assembly
- Completed reload, in  1.063 seconds
Platform modules already initialized, skipping
Refreshing native plugins compatible for Editor in 0.51 ms, found 1 plugins.
Preloading 0 native plugins for Editor in 0.00 ms.
Unloading 1810 Unused Serialized files (Serialized files now loaded: 0)
System memory in use before: 85.3 MB.
System memory in use after: 85.3 MB.

Unloading 12 unused Assets to reduce memory usage. Loaded Objects now: 2311.
Total: 2.553600 ms (FindLiveObjects: 0.252100 ms CreateObjectMapping: 0.049000 ms MarkObjects: 2.109900 ms  DeleteObjects: 0.141400 ms)

========================================================================
Received Prepare
Registering precompiled user dll's ...
Registered in 0.001296 seconds.
Begin MonoManager ReloadAssembly
Native extension for WindowsStandalone target not found
Native extension for OSXStandalone target not found
Refreshing native plugins compatible for Editor in 0.48 ms, found 1 plugins.
Preloading 0 native plugins for Editor in 0.00 ms.
Mono: successfully reloaded assembly
- Completed reload, in  1.059 seconds
Platform modules already initialized, skipping
Refreshing native plugins compatible for Editor in 0.45 ms, found 1 plugins.
Preloading 0 native plugins for Editor in 0.00 ms.
Unloading 1810 Unused Serialized files (Serialized files now loaded: 0)
System memory in use before: 85.3 MB.
System memory in use after: 85.3 MB.

Unloading 12 unused Assets to reduce memory usage. Loaded Objects now: 2315.
Total: 2.899800 ms (FindLiveObjects: 0.261000 ms CreateObjectMapping: 0.048600 ms MarkObjects: 2.419300 ms  DeleteObjects: 0.169600 ms)

========================================================================
Received Import Request.
  Time since last request: 56.560539 seconds.
  path: Assets/Items/Something.asset
  artifactKey: Guid(86f65036bc57c5a429b019eff52c188f) Importer(815301076,1909f56bfc062723c751e8b465ee728b)
Start importing Assets/Items/Something.asset using Guid(86f65036bc57c5a429b019eff52c188f) Importer(815301076,1909f56bfc062723c751e8b465ee728b)  -> (artifact id: 'fbca8540df56202e31187912ba576717') in 0.021158 seconds
  Import took 0.025045 seconds .

========================================================================
Received Prepare
Registering precompiled user dll's ...
Registered in 0.001585 seconds.
Begin MonoManager ReloadAssembly
Native extension for WindowsStandalone target not found
Native extension for OSXStandalone target not found
Refreshing native plugins compatible for Editor in 0.45 ms, found 1 plugins.
Preloading 0 native plugins for Editor in 0.00 ms.
Mono: successfully reloaded assembly
- Completed reload, in  1.075 seconds
Platform modules already initialized, skipping
Refreshing native plugins compatible for Editor in 0.44 ms, found 1 plugins.
Preloading 0 native plugins for Editor in 0.00 ms.
Unloading 1810 Unused Serialized files (Serialized files now loaded: 0)
System memory in use before: 85.3 MB.
System memory in use after: 85.3 MB.

Unloading 12 unused Assets to reduce memory usage. Loaded Objects now: 2319.
Total: 2.942300 ms (FindLiveObjects: 0.320900 ms CreateObjectMapping: 0.056600 ms MarkObjects: 2.382500 ms  DeleteObjects: 0.180700 ms)

========================================================================
Received Prepare
Registering precompiled user dll's ...
Registered in 0.001238 seconds.
Begin MonoManager ReloadAssembly
Native extension for WindowsStandalone target not found
Native extension for OSXStandalone target not found
Refreshing native plugins compatible for Editor in 0.45 ms, found 1 plugins.
Preloading 0 native plugins for Editor in 0.00 ms.
Mono: successfully reloaded assembly
- Completed reload, in  1.073 seconds
Platform modules already initialized, skipping
Refreshing native plugins compatible for Editor in 0.45 ms, found 1 plugins.
Preloading 0 native plugins for Editor in 0.00 ms.
Unloading 1810 Unused Serialized files (Serialized files now loaded: 0)
System memory in use before: 85.3 MB.
System memory in use after: 85.3 MB.

Unloading 12 unused Assets to reduce memory usage. Loaded Objects now: 2323.
Total: 2.461000 ms (FindLiveObjects: 0.259800 ms CreateObjectMapping: 0.050900 ms MarkObjects: 2.000700 ms  DeleteObjects: 0.148300 ms)

========================================================================
Received Import Request.
  Time since last request: 500.063285 seconds.
  path: Assets/Items/Something 1.asset
  artifactKey: Guid(04e890a4d7d2c1349b689f760fcbdc0b) Importer(815301076,1909f56bfc062723c751e8b465ee728b)
Start importing Assets/Items/Something 1.asset using Guid(04e890a4d7d2c1349b689f760fcbdc0b) Importer(815301076,1909f56bfc062723c751e8b465ee728b)  -> (artifact id: '294d0bb9ee029b7f8c5362a4c4be60c8') in 0.028074 seconds
  Import took 0.032942 seconds .

========================================================================
Received Import Request.
  Time since last request: 0.000233 seconds.
  path: Assets/Items/Something.asset
  artifactKey: Guid(86f65036bc57c5a429b019eff52c188f) Importer(815301076,1909f56bfc062723c751e8b465ee728b)
Start importing Assets/Items/Something.asset using Guid(86f65036bc57c5a429b019eff52c188f) Importer(815301076,1909f56bfc062723c751e8b465ee728b)  -> (artifact id: 'd5f1d3407332d3a757c0556cc777d3ac') in 0.004665 seconds
  Import took 0.007557 seconds .

========================================================================
Received Prepare
Registering precompiled user dll's ...
Registered in 0.001207 seconds.
Begin MonoManager ReloadAssembly
Native extension for WindowsStandalone target not found
Native extension for OSXStandalone target not found
Refreshing native plugins compatible for Editor in 0.43 ms, found 1 plugins.
Preloading 0 native plugins for Editor in 0.00 ms.
Mono: successfully reloaded assembly
- Completed reload, in  1.090 seconds
Platform modules already initialized, skipping
Refreshing native plugins compatible for Editor in 0.45 ms, found 1 plugins.
Preloading 0 native plugins for Editor in 0.00 ms.
Unloading 1810 Unused Serialized files (Serialized files now loaded: 0)
System memory in use before: 85.3 MB.
System memory in use after: 85.3 MB.

Unloading 12 unused Assets to reduce memory usage. Loaded Objects now: 2327.
Total: 2.791000 ms (FindLiveObjects: 0.254100 ms CreateObjectMapping: 0.069000 ms MarkObjects: 2.305700 ms  DeleteObjects: 0.160400 ms)

========================================================================
Received Import Request.
  Time since last request: 15.579781 seconds.
  path: Assets/Items/Something 1.asset
  artifactKey: Guid(04e890a4d7d2c1349b689f760fcbdc0b) Importer(815301076,1909f56bfc062723c751e8b465ee728b)
Start importing Assets/Items/Something 1.asset using Guid(04e890a4d7d2c1349b689f760fcbdc0b) Importer(815301076,1909f56bfc062723c751e8b465ee728b)  -> (artifact id: '8480ba2f3b23c89d3fafee6c536e6c89') in 0.025936 seconds
  Import took 0.030180 seconds .

========================================================================
Received Import Request.
  Time since last request: 0.000244 seconds.
  path: Assets/Items/Something 2.asset
  artifactKey: Guid(bfd7ab0c6077b4042a49b61433c6621d) Importer(815301076,1909f56bfc062723c751e8b465ee728b)
Start importing Assets/Items/Something 2.asset using Guid(bfd7ab0c6077b4042a49b61433c6621d) Importer(815301076,1909f56bfc062723c751e8b465ee728b)  -> (artifact id: 'a9538928ccac2058ab9f2db87b6006bb') in 0.010889 seconds
  Import took 0.014179 seconds .

========================================================================
Received Prepare
Registering precompiled user dll's ...
Registered in 0.001206 seconds.
Begin MonoManager ReloadAssembly
Native extension for WindowsStandalone target not found
Native extension for OSXStandalone target not found
Refreshing native plugins compatible for Editor in 0.43 ms, found 1 plugins.
Preloading 0 native plugins for Editor in 0.00 ms.
Mono: successfully reloaded assembly
- Completed reload, in  1.051 seconds
Platform modules already initialized, skipping
Refreshing native plugins compatible for Editor in 0.60 ms, found 1 plugins.
Preloading 0 native plugins for Editor in 0.00 ms.
Unloading 1810 Unused Serialized files (Serialized files now loaded: 0)
System memory in use before: 85.4 MB.
System memory in use after: 85.3 MB.

Unloading 12 unused Assets to reduce memory usage. Loaded Objects now: 2331.
Total: 2.475300 ms (FindLiveObjects: 0.250300 ms CreateObjectMapping: 0.049700 ms MarkObjects: 2.028200 ms  DeleteObjects: 0.146000 ms)

========================================================================
Received Prepare
Registering precompiled user dll's ...
Registered in 0.001410 seconds.
Begin MonoManager ReloadAssembly
Native extension for WindowsStandalone target not found
Native extension for OSXStandalone target not found
Refreshing native plugins compatible for Editor in 0.45 ms, found 1 plugins.
Preloading 0 native plugins for Editor in 0.00 ms.
Mono: successfully reloaded assembly
- Completed reload, in  1.065 seconds
Platform modules already initialized, skipping
Refreshing native plugins compatible for Editor in 0.45 ms, found 1 plugins.
Preloading 0 native plugins for Editor in 0.00 ms.
Unloading 1810 Unused Serialized files (Serialized files now loaded: 0)
System memory in use before: 85.4 MB.
System memory in use after: 85.3 MB.

Unloading 12 unused Assets to reduce memory usage. Loaded Objects now: 2335.
Total: 2.732700 ms (FindLiveObjects: 0.369000 ms CreateObjectMapping: 0.080400 ms MarkObjects: 2.131400 ms  DeleteObjects: 0.150400 ms)

========================================================================
Received Prepare
Registering precompiled user dll's ...
Registered in 0.001470 seconds.
Begin MonoManager ReloadAssembly
Native extension for WindowsStandalone target not found
Native extension for OSXStandalone target not found
Refreshing native plugins compatible for Editor in 0.45 ms, found 1 plugins.
Preloading 0 native plugins for Editor in 0.00 ms.
Mono: successfully reloaded assembly
- Completed reload, in  1.075 seconds
Platform modules already initialized, skipping
Refreshing native plugins compatible for Editor in 0.45 ms, found 1 plugins.
Preloading 0 native plugins for Editor in 0.00 ms.
Unloading 1810 Unused Serialized files (Serialized files now loaded: 0)
System memory in use before: 85.4 MB.
System memory in use after: 85.3 MB.

Unloading 12 unused Assets to reduce memory usage. Loaded Objects now: 2339.
Total: 2.511500 ms (FindLiveObjects: 0.238700 ms CreateObjectMapping: 0.048100 ms MarkObjects: 2.073500 ms  DeleteObjects: 0.150000 ms)

========================================================================
Received Prepare
Registering precompiled user dll's ...
Registered in 0.001399 seconds.
Begin MonoManager ReloadAssembly
Native extension for WindowsStandalone target not found
Native extension for OSXStandalone target not found
Refreshing native plugins compatible for Editor in 0.50 ms, found 1 plugins.
Preloading 0 native plugins for Editor in 0.00 ms.
Mono: successfully reloaded assembly
- Completed reload, in  1.100 seconds
Platform modules already initialized, skipping
Refreshing native plugins compatible for Editor in 0.48 ms, found 1 plugins.
Preloading 0 native plugins for Editor in 0.00 ms.
Unloading 1810 Unused Serialized files (Serialized files now loaded: 0)
System memory in use before: 85.4 MB.
System memory in use after: 85.4 MB.

Unloading 12 unused Assets to reduce memory usage. Loaded Objects now: 2343.
Total: 2.763800 ms (FindLiveObjects: 0.376000 ms CreateObjectMapping: 0.088900 ms MarkObjects: 2.152700 ms  DeleteObjects: 0.144900 ms)

========================================================================
Received Import Request.
  Time since last request: 1675.497414 seconds.
  path: Assets/_/Base
  artifactKey: Guid(b312f56b77affe1459adc2b634eeb625) Importer(815301076,1909f56bfc062723c751e8b465ee728b)
Start importing Assets/_/Base using Guid(b312f56b77affe1459adc2b634eeb625) Importer(815301076,1909f56bfc062723c751e8b465ee728b)  -> (artifact id: 'bf8a867f314a4d86f477c2b5b05146f7') in 0.014222 seconds
  Import took 0.018318 seconds .

========================================================================
Received Prepare
Registering precompiled user dll's ...
Registered in 0.001214 seconds.
Begin MonoManager ReloadAssembly
Native extension for WindowsStandalone target not found
Native extension for OSXStandalone target not found
Refreshing native plugins compatible for Editor in 0.51 ms, found 1 plugins.
Preloading 0 native plugins for Editor in 0.00 ms.
Mono: successfully reloaded assembly
- Completed reload, in  1.085 seconds
Platform modules already initialized, skipping
Refreshing native plugins compatible for Editor in 0.49 ms, found 1 plugins.
Preloading 0 native plugins for Editor in 0.00 ms.
Unloading 1810 Unused Serialized files (Serialized files now loaded: 0)
System memory in use before: 85.4 MB.
System memory in use after: 85.4 MB.

Unloading 12 unused Assets to reduce memory usage. Loaded Objects now: 2347.
Total: 2.904500 ms (FindLiveObjects: 0.420400 ms CreateObjectMapping: 0.087100 ms MarkObjects: 2.229100 ms  DeleteObjects: 0.166400 ms)

========================================================================
Received Import Request.
  Time since last request: 1651.247190 seconds.
  path: Assets/Sprites/UI
  artifactKey: Guid(cf74dd26ccd8e2b4ab942fdf8c7b6e57) Importer(815301076,1909f56bfc062723c751e8b465ee728b)
Start importing Assets/Sprites/UI using Guid(cf74dd26ccd8e2b4ab942fdf8c7b6e57) Importer(815301076,1909f56bfc062723c751e8b465ee728b)  -> (artifact id: '7ed4c62f7fb0a75e04a3b87c1e09ea59') in 0.013259 seconds
  Import took 0.017115 seconds .

========================================================================
Received Import Request.
  Time since last request: 0.040189 seconds.
  path: Assets/Sprites/UI/Button.png
  artifactKey: Guid(ab40d7426b7193842bb3f61780cfc4f4) Importer(815301076,1909f56bfc062723c751e8b465ee728b)
Start importing Assets/Sprites/UI/Button.png using Guid(ab40d7426b7193842bb3f61780cfc4f4) Importer(815301076,1909f56bfc062723c751e8b465ee728b)  -> (artifact id: 'f1fe42e031ad076f5457c3df8e5bc60f') in 0.152340 seconds
  Import took 0.156165 seconds .

========================================================================
Received Import Request.
  Time since last request: 0.000223 seconds.
  path: Assets/Sprites/UI/Stats.png
  artifactKey: Guid(4776074d275867a42ada70b218620d83) Importer(815301076,1909f56bfc062723c751e8b465ee728b)
Start importing Assets/Sprites/UI/Stats.png using Guid(4776074d275867a42ada70b218620d83) Importer(815301076,1909f56bfc062723c751e8b465ee728b)  -> (artifact id: 'd1a127adc78493f06a859a169070cbdf') in 0.040487 seconds
  Import took 0.043593 seconds .

========================================================================
Received Import Request.
  Time since last request: 0.000292 seconds.
  path: Assets/Sprites/UI/InventoryNoText.png
  artifactKey: Guid(f6bed82ce2e0be24892defa3d199631f) Importer(815301076,1909f56bfc062723c751e8b465ee728b)
Start importing Assets/Sprites/UI/InventoryNoText.png using Guid(f6bed82ce2e0be24892defa3d199631f) Importer(815301076,1909f56bfc062723c751e8b465ee728b)  -> (artifact id: '01c7a43a07c423d5d94a58701d07f0da') in 0.023054 seconds
  Import took 0.026084 seconds .

========================================================================
Received Import Request.
  Time since last request: 0.000183 seconds.
  path: Assets/Sprites/UI/Details.png
  artifactKey: Guid(c81a65ecace341e48bbc757d22fe3ea9) Importer(815301076,1909f56bfc062723c751e8b465ee728b)
Start importing Assets/Sprites/UI/Details.png using Guid(c81a65ecace341e48bbc757d22fe3ea9) Importer(815301076,1909f56bfc062723c751e8b465ee728b)  -> (artifact id: '7e23b77cabdfe6975f8b4dc8c3173166') in 0.017083 seconds
  Import took 0.020088 seconds .

========================================================================
Received Import Request.
  Time since last request: 0.000222 seconds.
  path: Assets/Sprites/UI/Text Line.png
  artifactKey: Guid(426b77977cb674a428a716157bfc0ce2) Importer(815301076,1909f56bfc062723c751e8b465ee728b)
Start importing Assets/Sprites/UI/Text Line.png using Guid(426b77977cb674a428a716157bfc0ce2) Importer(815301076,1909f56bfc062723c751e8b465ee728b)  -> (artifact id: '53c88c9f2cab492bf7ae202c2073070c') in 0.019072 seconds
  Import took 0.022326 seconds .

========================================================================
Received Import Request.
  Time since last request: 0.000284 seconds.
  path: Assets/Sprites/UI/Section Divider.png
  artifactKey: Guid(3892c02a29a920048b9259d732154a34) Importer(815301076,1909f56bfc062723c751e8b465ee728b)
Start importing Assets/Sprites/UI/Section Divider.png using Guid(3892c02a29a920048b9259d732154a34) Importer(815301076,1909f56bfc062723c751e8b465ee728b)  -> (artifact id: '2c42bcbda41cbec69b8f27e240d601a9') in 0.015229 seconds
  Import took 0.018826 seconds .

========================================================================
Received Import Request.
  Time since last request: 0.000290 seconds.
  path: Assets/Sprites/UI/Stats with Text.png
  artifactKey: Guid(23a87542ab363694eaca1603fa02abca) Importer(815301076,1909f56bfc062723c751e8b465ee728b)
Start importing Assets/Sprites/UI/Stats with Text.png using Guid(23a87542ab363694eaca1603fa02abca) Importer(815301076,1909f56bfc062723c751e8b465ee728b)  -> (artifact id: 'e6885da67181049635e49ca0ad90d750') in 0.019205 seconds
  Import took 0.022584 seconds .

========================================================================
Received Import Request.
  Time since last request: 0.000201 seconds.
  path: Assets/Sprites/UI/Stats with TextII.png
  artifactKey: Guid(ff75436455463774191febf5b5069df7) Importer(815301076,1909f56bfc062723c751e8b465ee728b)
Start importing Assets/Sprites/UI/Stats with TextII.png using Guid(ff75436455463774191febf5b5069df7) Importer(815301076,1909f56bfc062723c751e8b465ee728b)  -> (artifact id: '320441a1f944de07843fc71d180a4762') in 0.019046 seconds
  Import took 0.022104 seconds .

========================================================================
Received Prepare
Registering precompiled user dll's ...
Registered in 0.001238 seconds.
Begin MonoManager ReloadAssembly
Native extension for WindowsStandalone target not found
Native extension for OSXStandalone target not found
Refreshing native plugins compatible for Editor in 0.88 ms, found 1 plugins.
Preloading 0 native plugins for Editor in 0.00 ms.
Mono: successfully reloaded assembly
- Completed reload, in  1.219 seconds
Platform modules already initialized, skipping
Refreshing native plugins compatible for Editor in 0.45 ms, found 1 plugins.
Preloading 0 native plugins for Editor in 0.00 ms.
Unloading 1810 Unused Serialized files (Serialized files now loaded: 0)
System memory in use before: 88.5 MB.
System memory in use after: 88.5 MB.

Unloading 12 unused Assets to reduce memory usage. Loaded Objects now: 2365.
Total: 3.239700 ms (FindLiveObjects: 0.378800 ms CreateObjectMapping: 0.059900 ms MarkObjects: 2.605000 ms  DeleteObjects: 0.193700 ms)

========================================================================
Received Import Request.
  Time since last request: 3829.535043 seconds.
  path: Assets/Sprites/UI/Text Line.png
  artifactKey: Guid(426b77977cb674a428a716157bfc0ce2) Importer(815301076,1909f56bfc062723c751e8b465ee728b)
Start importing Assets/Sprites/UI/Text Line.png using Guid(426b77977cb674a428a716157bfc0ce2) Importer(815301076,1909f56bfc062723c751e8b465ee728b)  -> (artifact id: 'c94aad12e4d60f7bc4bb679f22b94ea4') in 0.074661 seconds
  Import took 0.078205 seconds .

========================================================================
Received Import Request.
  Time since last request: 98.740950 seconds.
  path: Assets/Scripts/Stat Display.cs
  artifactKey: Guid(1a732ae272ea9414888b6908c480d5e5) Importer(815301076,1909f56bfc062723c751e8b465ee728b)
Start importing Assets/Scripts/Stat Display.cs using Guid(1a732ae272ea9414888b6908c480d5e5) Importer(815301076,1909f56bfc062723c751e8b465ee728b)  -> (artifact id: '90df1f4e442fd76fd804c599e126053e') in 0.009415 seconds
  Import took 0.013663 seconds .

========================================================================
Received Prepare
Registering precompiled user dll's ...
Registered in 0.001194 seconds.
Begin MonoManager ReloadAssembly
Native extension for WindowsStandalone target not found
Native extension for OSXStandalone target not found
Refreshing native plugins compatible for Editor in 0.45 ms, found 1 plugins.
Preloading 0 native plugins for Editor in 0.00 ms.
Mono: successfully reloaded assembly
- Completed reload, in  1.058 seconds
Platform modules already initialized, skipping
Refreshing native plugins compatible for Editor in 0.47 ms, found 1 plugins.
Preloading 0 native plugins for Editor in 0.00 ms.
Unloading 1811 Unused Serialized files (Serialized files now loaded: 0)
System memory in use before: 88.5 MB.
System memory in use after: 88.5 MB.

Unloading 12 unused Assets to reduce memory usage. Loaded Objects now: 2371.
Total: 2.610700 ms (FindLiveObjects: 0.289700 ms CreateObjectMapping: 0.052900 ms MarkObjects: 2.116500 ms  DeleteObjects: 0.149800 ms)

========================================================================
Received Prepare
Registering precompiled user dll's ...
Registered in 0.001351 seconds.
Begin MonoManager ReloadAssembly
Native extension for WindowsStandalone target not found
Native extension for OSXStandalone target not found
Refreshing native plugins compatible for Editor in 0.45 ms, found 1 plugins.
Preloading 0 native plugins for Editor in 0.00 ms.
Mono: successfully reloaded assembly
- Completed reload, in  1.099 seconds
Platform modules already initialized, skipping
Refreshing native plugins compatible for Editor in 0.44 ms, found 1 plugins.
Preloading 0 native plugins for Editor in 0.00 ms.
Unloading 1810 Unused Serialized files (Serialized files now loaded: 0)
System memory in use before: 88.5 MB.
System memory in use after: 88.5 MB.

Unloading 13 unused Assets to reduce memory usage. Loaded Objects now: 2374.
Total: 2.573900 ms (FindLiveObjects: 0.268300 ms CreateObjectMapping: 0.060900 ms MarkObjects: 2.090400 ms  DeleteObjects: 0.153000 ms)

========================================================================
Received Import Request.
  Time since last request: 48.541869 seconds.
  path: Assets/Scripts/StatDisplay.cs
  artifactKey: Guid(49c2e43b87556a94f842fd6e8d6165a1) Importer(815301076,1909f56bfc062723c751e8b465ee728b)
Start importing Assets/Scripts/StatDisplay.cs using Guid(49c2e43b87556a94f842fd6e8d6165a1) Importer(815301076,1909f56bfc062723c751e8b465ee728b)  -> (artifact id: 'a1826ae8b5e29fe999dca3210e48ea2f') in 0.011505 seconds
  Import took 0.015677 seconds .

========================================================================
Received Prepare
Registering precompiled user dll's ...
Registered in 0.001176 seconds.
Begin MonoManager ReloadAssembly
Native extension for WindowsStandalone target not found
Native extension for OSXStandalone target not found
Refreshing native plugins compatible for Editor in 0.44 ms, found 1 plugins.
Preloading 0 native plugins for Editor in 0.00 ms.
Mono: successfully reloaded assembly
- Completed reload, in  1.082 seconds
Platform modules already initialized, skipping
Refreshing native plugins compatible for Editor in 0.45 ms, found 1 plugins.
Preloading 0 native plugins for Editor in 0.00 ms.
Unloading 1811 Unused Serialized files (Serialized files now loaded: 0)
System memory in use before: 88.5 MB.
System memory in use after: 88.5 MB.

Unloading 12 unused Assets to reduce memory usage. Loaded Objects now: 2379.
Total: 2.878500 ms (FindLiveObjects: 0.280900 ms CreateObjectMapping: 0.051500 ms MarkObjects: 2.381600 ms  DeleteObjects: 0.162200 ms)

========================================================================
Received Prepare
Registering precompiled user dll's ...
Registered in 0.001389 seconds.
Begin MonoManager ReloadAssembly
Native extension for WindowsStandalone target not found
Native extension for OSXStandalone target not found
Refreshing native plugins compatible for Editor in 0.46 ms, found 1 plugins.
Preloading 0 native plugins for Editor in 0.00 ms.
Mono: successfully reloaded assembly
- Completed reload, in  1.064 seconds
Platform modules already initialized, skipping
Refreshing native plugins compatible for Editor in 0.44 ms, found 1 plugins.
Preloading 0 native plugins for Editor in 0.00 ms.
Unloading 1811 Unused Serialized files (Serialized files now loaded: 0)
System memory in use before: 88.5 MB.
System memory in use after: 88.5 MB.

Unloading 12 unused Assets to reduce memory usage. Loaded Objects now: 2383.
Total: 2.445600 ms (FindLiveObjects: 0.266300 ms CreateObjectMapping: 0.049500 ms MarkObjects: 1.978700 ms  DeleteObjects: 0.149700 ms)

========================================================================
Received Prepare
Registering precompiled user dll's ...
Registered in 0.001301 seconds.
Begin MonoManager ReloadAssembly
Native extension for WindowsStandalone target not found
Native extension for OSXStandalone target not found
Refreshing native plugins compatible for Editor in 0.45 ms, found 1 plugins.
Preloading 0 native plugins for Editor in 0.00 ms.
Mono: successfully reloaded assembly
- Completed reload, in  1.088 seconds
Platform modules already initialized, skipping
Refreshing native plugins compatible for Editor in 0.45 ms, found 1 plugins.
Preloading 0 native plugins for Editor in 0.00 ms.
Unloading 1811 Unused Serialized files (Serialized files now loaded: 0)
System memory in use before: 88.6 MB.
System memory in use after: 88.5 MB.

Unloading 12 unused Assets to reduce memory usage. Loaded Objects now: 2387.
Total: 3.048700 ms (FindLiveObjects: 0.295400 ms CreateObjectMapping: 0.059100 ms MarkObjects: 2.517900 ms  DeleteObjects: 0.174200 ms)

========================================================================
Received Import Request.
  Time since last request: 2776.482690 seconds.
  path: Assets/Scripts/CharacterStat.cs
  artifactKey: Guid(c94c89bb907b81d42ad756a4baaaa00f) Importer(815301076,1909f56bfc062723c751e8b465ee728b)
Start importing Assets/Scripts/CharacterStat.cs using Guid(c94c89bb907b81d42ad756a4baaaa00f) Importer(815301076,1909f56bfc062723c751e8b465ee728b)  -> (artifact id: '46c06df6f6c0ea2e32cd6c1f45e6d493') in 0.014236 seconds
  Import took 0.018444 seconds .

========================================================================
Received Prepare
Registering precompiled user dll's ...
Registered in 0.001214 seconds.
Begin MonoManager ReloadAssembly
Native extension for WindowsStandalone target not found
Native extension for OSXStandalone target not found
Refreshing native plugins compatible for Editor in 0.46 ms, found 1 plugins.
Preloading 0 native plugins for Editor in 0.00 ms.
Mono: successfully reloaded assembly
- Completed reload, in  1.085 seconds
Platform modules already initialized, skipping
Refreshing native plugins compatible for Editor in 0.49 ms, found 1 plugins.
Preloading 0 native plugins for Editor in 0.00 ms.
Unloading 1812 Unused Serialized files (Serialized files now loaded: 0)
System memory in use before: 88.6 MB.
System memory in use after: 88.6 MB.

Unloading 12 unused Assets to reduce memory usage. Loaded Objects now: 2392.
Total: 2.649300 ms (FindLiveObjects: 0.351300 ms CreateObjectMapping: 0.062900 ms MarkObjects: 2.083700 ms  DeleteObjects: 0.150000 ms)

========================================================================
Received Import Request.
  Time since last request: 27.124400 seconds.
  path: Assets/Scripts/StatModifier.cs
  artifactKey: Guid(019ec48c67f43254287f0d1d755fc61c) Importer(815301076,1909f56bfc062723c751e8b465ee728b)
Start importing Assets/Scripts/StatModifier.cs using Guid(019ec48c67f43254287f0d1d755fc61c) Importer(815301076,1909f56bfc062723c751e8b465ee728b)  -> (artifact id: '6b39f911e04af0fd23a093b66eae3b84') in 0.012204 seconds
  Import took 0.016537 seconds .

========================================================================
Received Prepare
Registering precompiled user dll's ...
Registered in 0.001233 seconds.
Begin MonoManager ReloadAssembly
Native extension for WindowsStandalone target not found
Native extension for OSXStandalone target not found
Refreshing native plugins compatible for Editor in 0.46 ms, found 1 plugins.
Preloading 0 native plugins for Editor in 0.00 ms.
Mono: successfully reloaded assembly
- Completed reload, in  1.066 seconds
Platform modules already initialized, skipping
Refreshing native plugins compatible for Editor in 0.42 ms, found 1 plugins.
Preloading 0 native plugins for Editor in 0.00 ms.
Unloading 1813 Unused Serialized files (Serialized files now loaded: 0)
System memory in use before: 88.6 MB.
System memory in use after: 88.6 MB.

Unloading 12 unused Assets to reduce memory usage. Loaded Objects now: 2397.
Total: 2.428500 ms (FindLiveObjects: 0.268900 ms CreateObjectMapping: 0.051300 ms MarkObjects: 1.967800 ms  DeleteObjects: 0.139400 ms)

========================================================================
Received Prepare
Registering precompiled user dll's ...
Registered in 0.001646 seconds.
Begin MonoManager ReloadAssembly
Native extension for WindowsStandalone target not found
Native extension for OSXStandalone target not found
Refreshing native plugins compatible for Editor in 0.47 ms, found 1 plugins.
Preloading 0 native plugins for Editor in 0.00 ms.
Mono: successfully reloaded assembly
- Completed reload, in  1.207 seconds
Platform modules already initialized, skipping
Refreshing native plugins compatible for Editor in 0.45 ms, found 1 plugins.
Preloading 0 native plugins for Editor in 0.00 ms.
Unloading 1813 Unused Serialized files (Serialized files now loaded: 0)
System memory in use before: 88.6 MB.
System memory in use after: 88.6 MB.

Unloading 12 unused Assets to reduce memory usage. Loaded Objects now: 2401.
Total: 2.624800 ms (FindLiveObjects: 0.288300 ms CreateObjectMapping: 0.052000 ms MarkObjects: 2.108000 ms  DeleteObjects: 0.175600 ms)

========================================================================
Received Prepare
Registering precompiled user dll's ...
Registered in 0.001275 seconds.
Begin MonoManager ReloadAssembly
Native extension for WindowsStandalone target not found
Native extension for OSXStandalone target not found
Refreshing native plugins compatible for Editor in 0.45 ms, found 1 plugins.
Preloading 0 native plugins for Editor in 0.00 ms.
Mono: successfully reloaded assembly
- Completed reload, in  1.091 seconds
Platform modules already initialized, skipping
Refreshing native plugins compatible for Editor in 0.45 ms, found 1 plugins.
Preloading 0 native plugins for Editor in 0.00 ms.
Unloading 1813 Unused Serialized files (Serialized files now loaded: 0)
System memory in use before: 88.6 MB.
System memory in use after: 88.6 MB.

Unloading 12 unused Assets to reduce memory usage. Loaded Objects now: 2405.
Total: 2.705500 ms (FindLiveObjects: 0.314600 ms CreateObjectMapping: 0.056500 ms MarkObjects: 2.180000 ms  DeleteObjects: 0.153100 ms)

========================================================================
Received Import Request.
  Time since last request: 8072.110952 seconds.
  path: Assets/Scripts/StatModifier.cs
  artifactKey: Guid(019ec48c67f43254287f0d1d755fc61c) Importer(815301076,1909f56bfc062723c751e8b465ee728b)
Start importing Assets/Scripts/StatModifier.cs using Guid(019ec48c67f43254287f0d1d755fc61c) Importer(815301076,1909f56bfc062723c751e8b465ee728b)  -> (artifact id: '0bd196a0ac920b4a3ac4cb54efe0f420') in 0.007165 seconds
  Import took 0.010957 seconds .

========================================================================
Received Import Request.
  Time since last request: 639.114074 seconds.
  path: Assets/Scripts/Inventory.cs
  artifactKey: Guid(eb076f8947cb61c48833dbe86c1a7bbd) Importer(815301076,1909f56bfc062723c751e8b465ee728b)
Start importing Assets/Scripts/Inventory.cs using Guid(eb076f8947cb61c48833dbe86c1a7bbd) Importer(815301076,1909f56bfc062723c751e8b465ee728b)  -> (artifact id: '7b8a1edecbb2dd303e89c42c2db9d427') in 0.002799 seconds
  Import took 0.006510 seconds .

========================================================================
Received Import Request.
  Time since last request: 0.035377 seconds.
  path: Assets/Scripts/Inventory.cs
  artifactKey: Guid(eb076f8947cb61c48833dbe86c1a7bbd) Importer(815301076,1909f56bfc062723c751e8b465ee728b)
Start importing Assets/Scripts/Inventory.cs using Guid(eb076f8947cb61c48833dbe86c1a7bbd) Importer(815301076,1909f56bfc062723c751e8b465ee728b)  -> (artifact id: '7b8a1edecbb2dd303e89c42c2db9d427') in 0.003211 seconds
  Import took 0.007370 seconds .

AssetImportWorkerClient::OnTransportError - code=2 error=End of file
